2020-12-24 15:42:52,800 - lx - INFO 登录报文:=['{"loginName":18210546885,"password":123456}', None, None, 'post.ue', 'https://pycmspre.lexue.com/system/sysUser/login', 'SUCCESS', 'cmslogin.vm']
2020-12-24 15:42:53,581 - lx - INFO 单行数据:={}
2020-12-24 15:42:53,624 - lx - INFO flow数据:={'code': 0, 'message': 'SUCCESS', 'value': {'loginName': '18210546885', 'mobile': '18210546885', 'realName': '张振波', 'sex': 1, 'age': 18, 'userStatus': 1, 'isTeacher': 1, 'isAdmin': 2, 'roleId': 59, 'teacherId': 5759, 'menus': [], 'menuTrees': [], 'campus': [], 'token': 'eyJhbGciOiJIUzI1NiJ9.eyJqdGkiOiI0NzU2Iiwic3ViIjoi5byg5oyv5rOiIiwiaWF0IjoxNjA4Nzk1NzcyLCJleHAiOjE2MDg4MDI5NzJ9.REJM8jRRf-sXY2LOTPWHiE4S6tvatM7UwsSkpCnNlCI', 'sysUserId': 4756}, 'schoolId': '375', 'campusName': '测试数据报表校区'}
2020-12-24 15:42:53,624 - lx - INFO 公共数据:={'schoolId': '375', 'campusName': '测试数据报表校区'}
2020-12-24 15:42:53,624 - lx - INFO 合并数据:={'schoolId': '375', 'campusName': '测试数据报表校区'}
2020-12-24 15:42:53,827 - lx - INFO 模板文件:=xinjianxiaoqu.vm
2020-12-24 15:42:54,056 - lx - INFO 发送报文:={
"campusStatus":"1",
"longitude":"108.36",
"latitude":"39.85",
"id":"",
"bigAreaId":"107",
"provinceId":"650000",
"cityId":"654000",
"areaId":"654002",
"schoolId":"375",
"campusName":"测试数据报表校区",
"address":"幸福大街182号",
"phone":"0037-36689952",
"bigAreaName":"西北",
"provinceName":"新疆维吾尔自治区",
"cityName":"伊犁哈萨克自治州",
"areaName":"伊宁市",
"coordinate":"",
"logo":"https://picspy.lexue.com/avatar-employee-1606547992395"
}
2020-12-24 15:42:54,056 - lx - INFO 执行报文:=['{"campusStatus":"1","longitude":"108.36","latitude":"39.85","id":"","bigAreaId":"107","provinceId":"650000","cityId":"654000","areaId":"654002","schoolId":"375","campusName":"测试数据报表校区","address":"幸福大街182号","phone":"0037-36689952","bigAreaName":"西北","provinceName":"新疆维吾尔自治区","cityName":"伊犁哈萨克自治州","areaName":"伊宁市","coordinate":"","logo":"https://picspy.lexue.com/avatar-employee-1606547992395"}', 'lx-001', '新建校区', 'post.ue', 'https://pycmspre.lexue.com/basic/campus/saveCampus', '保存成功', 'xinjianxiaoqu.vm']
2020-12-24 15:42:54,056 - lx - INFO 接   口:=xinjianxiaoqu
2020-12-24 15:42:54,056 - lx - INFO headers:	
2020-12-24 15:42:54,057 - lx - INFO 		appKey:=201820011141153
2020-12-24 15:42:54,057 - lx - INFO 		token:=eyJhbGciOiJIUzI1NiJ9.eyJqdGkiOiI0NzU2Iiwic3ViIjoi5byg5oyv5rOiIiwiaWF0IjoxNjA4Nzk1NzcyLCJleHAiOjE2MDg4MDI5NzJ9.REJM8jRRf-sXY2LOTPWHiE4S6tvatM7UwsSkpCnNlCI
2020-12-24 15:42:54,057 - lx - INFO 		signature:=BE269F59A8F042B21E57B07E33F228EE555A15AE
2020-12-24 15:42:54,057 - lx - INFO 		tenantId:=pycmspre
2020-12-24 15:42:54,057 - lx - INFO 		Content-Type:=application/x-www-form-urlencoded
2020-12-24 15:42:54,057 - lx - INFO 		isadmin:=2
2020-12-24 15:42:54,057 - lx - INFO 		userId:=4756
2020-12-24 15:42:54,122 - lx - INFO 返回数据:={
  "code" : 0,
  "message" : "保存成功",
  "value" : 568
}
2020-12-24 15:42:54,122 - lx - INFO 断    言 PASS
2020-12-24 15:42:54,131 - lx - INFO HtmlRecorder received data:=['{"campusStatus":"1","longitude":"108.36","latitude":"39.85","id":"","bigAreaId":"107","provinceId":"650000","cityId":"654000","areaId":"654002","schoolId":"375","campusName":"测试数据报表校区","address":"幸福大街182号","phone":"0037-36689952","bigAreaName":"西北","provinceName":"新疆维吾尔自治区","cityName":"伊犁哈萨克自治州","areaName":"伊宁市","coordinate":"","logo":"https://picspy.lexue.com/avatar-employee-1606547992395"}', 'lx-001', '新建校区', 'post.ue', 'https://pycmspre.lexue.com/basic/campus/saveCampus', '保存成功', 'xinjianxiaoqu.vm', 'T', '{\n  "code" : 0,\n  "message" : "保存成功",\n  "value" : 568\n}']
2020-12-24 15:42:54,133 - lx - INFO xinjianxiaoqu writed to html success
2020-12-24 15:42:54,424 - lx - INFO 单行数据:={}
2020-12-24 15:42:54,451 - lx - INFO flow数据:={'code': 0, 'message': 'SUCCESS', 'value': {'loginName': '18210546885', 'mobile': '18210546885', 'realName': '张振波', 'sex': 1, 'age': 18, 'userStatus': 1, 'isTeacher': 1, 'isAdmin': 2, 'roleId': 59, 'teacherId': 5759, 'menus': [], 'menuTrees': [], 'campus': [], 'token': 'eyJhbGciOiJIUzI1NiJ9.eyJqdGkiOiI0NzU2Iiwic3ViIjoi5byg5oyv5rOiIiwiaWF0IjoxNjA4Nzk1NzcyLCJleHAiOjE2MDg4MDI5NzJ9.REJM8jRRf-sXY2LOTPWHiE4S6tvatM7UwsSkpCnNlCI', 'sysUserId': 4756}, 'schoolId': '375', 'campusName': '测试数据报表校区', 'campusId': '453'}
2020-12-24 15:42:54,451 - lx - INFO 公共数据:={'campusId': '453'}
2020-12-24 15:42:54,451 - lx - INFO 合并数据:={'campusId': '453'}
2020-12-24 15:42:54,656 - lx - INFO 模板文件:=qiyongxiaoqu.vm
2020-12-24 15:42:54,887 - lx - INFO 发送报文:={
"id":"453",
"campusStatus": 1
}
2020-12-24 15:42:54,887 - lx - INFO 执行报文:=['{"id":"453","campusStatus": 1}', 'lx-002', '启用校区', 'put.ue', 'https://pycmspre.lexue.com/basic/campus/updateCampusStatus', '更新状态成功', 'qiyongxiaoqu.vm']
2020-12-24 15:42:54,887 - lx - INFO 接   口:=qiyongxiaoqu
2020-12-24 15:42:54,887 - lx - INFO headers:	
2020-12-24 15:42:54,887 - lx - INFO 		appKey:=201820011141153
2020-12-24 15:42:54,887 - lx - INFO 		token:=eyJhbGciOiJIUzI1NiJ9.eyJqdGkiOiI0NzU2Iiwic3ViIjoi5byg5oyv5rOiIiwiaWF0IjoxNjA4Nzk1NzcyLCJleHAiOjE2MDg4MDI5NzJ9.REJM8jRRf-sXY2LOTPWHiE4S6tvatM7UwsSkpCnNlCI
2020-12-24 15:42:54,887 - lx - INFO 		signature:=3E54809EE0A46F19FEA7515F0CE770276E02F607
2020-12-24 15:42:54,887 - lx - INFO 		tenantId:=pycmspre
2020-12-24 15:42:54,887 - lx - INFO 		Content-Type:=application/x-www-form-urlencoded
2020-12-24 15:42:54,887 - lx - INFO 		isadmin:=2
2020-12-24 15:42:54,887 - lx - INFO 		userId:=4756
2020-12-24 15:42:54,918 - lx - INFO 返回数据:={
  "code" : 0,
  "message" : "更新状态成功",
  "value" : 1
}
2020-12-24 15:42:54,918 - lx - INFO 断    言 PASS
2020-12-24 15:42:54,922 - lx - INFO HtmlRecorder received data:=['{"id":"453","campusStatus": 1}', 'lx-002', '启用校区', 'put.ue', 'https://pycmspre.lexue.com/basic/campus/updateCampusStatus', '更新状态成功', 'qiyongxiaoqu.vm', 'T', '{\n  "code" : 0,\n  "message" : "更新状态成功",\n  "value" : 1\n}']
2020-12-24 15:42:54,923 - lx - INFO qiyongxiaoqu writed to html success
2020-12-24 15:42:55,194 - lx - INFO 单行数据:={'levelName': '自动化等级', 'operatorName': '${flow("realName")}', 'schoolId': '${flow("schoolId")}', 'subjectName2': '语文'}
2020-12-24 15:42:55,296 - lx - INFO flow数据:={'code': 0, 'message': 'SUCCESS', 'value': {'loginName': '18210546885', 'mobile': '18210546885', 'realName': '张振波', 'sex': 1, 'age': 18, 'userStatus': 1, 'isTeacher': 1, 'isAdmin': 2, 'roleId': 59, 'teacherId': 5759, 'menus': [], 'menuTrees': [], 'campus': [], 'token': 'eyJhbGciOiJIUzI1NiJ9.eyJqdGkiOiI0NzU2Iiwic3ViIjoi5byg5oyv5rOiIiwiaWF0IjoxNjA4Nzk1NzcyLCJleHAiOjE2MDg4MDI5NzJ9.REJM8jRRf-sXY2LOTPWHiE4S6tvatM7UwsSkpCnNlCI', 'sysUserId': 4756}, 'schoolId': '375', 'campusName': '测试数据报表校区', 'campusId': '453', 'subjectName': '语文', 'subjectId': 2142}
2020-12-24 15:42:55,297 - lx - INFO 公共数据:={'subjectName': '语文', 'subjectId': 2142}
2020-12-24 15:42:55,297 - lx - INFO 合并数据:={'subjectName': '语文', 'subjectId': 2142, 'levelName': '自动化等级', 'operatorName': '${flow("realName")}', 'schoolId': '${flow("schoolId")}', 'subjectName2': '语文'}
2020-12-24 15:42:55,558 - lx - INFO 模板文件:=fengcengdengji.vm
2020-12-24 15:42:55,788 - lx - INFO 发送报文:={
"levels": [{
	"schoolId": 375,
	"subjectId": 2142,
	"subjectName": "语文",
	"levelName": "自动化等级",
	"levelStatus": 1
}],
"operatorName": "张振波",
"subjectName": "语文"
}
2020-12-24 15:42:55,788 - lx - INFO 执行报文:=['{"levels": [{"schoolId": 375,"subjectId": 2142,"subjectName": "语文","levelName": "自动化等级","levelStatus": 1}],"operatorName": "张振波","subjectName": "语文"}', 'lx-003', '新建分层等级', 'post.js', 'https://pycmspre.lexue.com/basic/level/saveLevels', '操作成功', 'fengcengdengji.vm']
2020-12-24 15:42:55,789 - lx - INFO 接   口:=fengcengdengji
2020-12-24 15:42:55,789 - lx - INFO headers:	
2020-12-24 15:42:55,789 - lx - INFO 		appKey:=201820011141153
2020-12-24 15:42:55,789 - lx - INFO 		token:=eyJhbGciOiJIUzI1NiJ9.eyJqdGkiOiI0NzU2Iiwic3ViIjoi5byg5oyv5rOiIiwiaWF0IjoxNjA4Nzk1NzcyLCJleHAiOjE2MDg4MDI5NzJ9.REJM8jRRf-sXY2LOTPWHiE4S6tvatM7UwsSkpCnNlCI
2020-12-24 15:42:55,789 - lx - INFO 		signature:=79E48482F30ED5CA96DCBB4DFA43D1576DBC2B74
2020-12-24 15:42:55,789 - lx - INFO 		tenantId:=pycmspre
2020-12-24 15:42:55,789 - lx - INFO 		Content-Type:=application/json
2020-12-24 15:42:55,789 - lx - INFO 		isadmin:=2
2020-12-24 15:42:55,789 - lx - INFO 		userId:=4756
2020-12-24 15:42:55,818 - lx - INFO 返回数据:={
  "code" : 502,
  "message" : "名称重复：自动化等级",
  "value" : null
}
2020-12-24 15:42:55,818 - lx - INFO 断    言 FAIL
2020-12-24 15:42:55,818 - lx - INFO A:=操作成功
2020-12-24 15:42:55,818 - lx - INFO B:={
  "code" : 502,
  "message" : "名称重复：自动化等级",
  "value" : null
}
2020-12-24 15:42:55,823 - lx - INFO HtmlRecorder received data:=['{"levels": [{"schoolId": 375,"subjectId": 2142,"subjectName": "语文","levelName": "自动化等级","levelStatus": 1}],"operatorName": "张振波","subjectName": "语文"}', 'lx-003', '新建分层等级', 'post.js', 'https://pycmspre.lexue.com/basic/level/saveLevels', '操作成功', 'fengcengdengji.vm', 'F', '{\n  "code" : 502,\n  "message" : "名称重复：自动化等级",\n  "value" : null\n}']
2020-12-24 15:42:55,825 - lx - INFO fengcengdengji writed to html success
2020-12-24 15:42:56,134 - lx - INFO 单行数据:={}
2020-12-24 15:42:56,161 - lx - INFO flow数据:={'code': 0, 'message': 'SUCCESS', 'value': {'loginName': '18210546885', 'mobile': '18210546885', 'realName': '张振波', 'sex': 1, 'age': 18, 'userStatus': 1, 'isTeacher': 1, 'isAdmin': 2, 'roleId': 59, 'teacherId': 5759, 'menus': [], 'menuTrees': [], 'campus': [], 'token': 'eyJhbGciOiJIUzI1NiJ9.eyJqdGkiOiI0NzU2Iiwic3ViIjoi5byg5oyv5rOiIiwiaWF0IjoxNjA4Nzk1NzcyLCJleHAiOjE2MDg4MDI5NzJ9.REJM8jRRf-sXY2LOTPWHiE4S6tvatM7UwsSkpCnNlCI', 'sysUserId': 4756}, 'schoolId': '375', 'campusName': '测试数据报表校区', 'campusId': '453', 'subjectName': '语文', 'subjectId': 2142, 'classroomName': '接口测试'}
2020-12-24 15:42:56,161 - lx - INFO 公共数据:={'campusId': '453', 'classroomName': '接口测试'}
2020-12-24 15:42:56,161 - lx - INFO 合并数据:={'campusId': '453', 'classroomName': '接口测试'}
2020-12-24 15:42:56,351 - lx - INFO 模板文件:=tianjiajiaoshi.vm
2020-12-24 15:42:56,587 - lx - INFO 发送报文:={
"campusId": 453,
"classroomName": "接口测试",
"peopleNum": 9,
"classroomStatus": 1,
"teacherCameraIP": "",
"teacherCameraPort": "",
"teacherCameraAccount": "lexueomo",
"teacherCameraPass": "lexue.com",
"studentCameraUrl": "",
"microphoneType": 0
}
2020-12-24 15:42:56,587 - lx - INFO 执行报文:=['{"campusId": 453,"classroomName": "接口测试","peopleNum": 9,"classroomStatus": 1,"teacherCameraIP": "","teacherCameraPort": "","teacherCameraAccount": "lexueomo","teacherCameraPass": "lexue.com","studentCameraUrl": "","microphoneType": 0}', 'lx-004', '添加教室', 'post.js', 'https://pycmspre.lexue.com/basic/campus/saveClassroom', '保存成功', 'tianjiajiaoshi.vm']
2020-12-24 15:42:56,587 - lx - INFO 接   口:=tianjiajiaoshi
2020-12-24 15:42:56,587 - lx - INFO headers:	
2020-12-24 15:42:56,587 - lx - INFO 		appKey:=201820011141153
2020-12-24 15:42:56,587 - lx - INFO 		token:=eyJhbGciOiJIUzI1NiJ9.eyJqdGkiOiI0NzU2Iiwic3ViIjoi5byg5oyv5rOiIiwiaWF0IjoxNjA4Nzk1NzcyLCJleHAiOjE2MDg4MDI5NzJ9.REJM8jRRf-sXY2LOTPWHiE4S6tvatM7UwsSkpCnNlCI
2020-12-24 15:42:56,587 - lx - INFO 		signature:=79E48482F30ED5CA96DCBB4DFA43D1576DBC2B74
2020-12-24 15:42:56,587 - lx - INFO 		tenantId:=pycmspre
2020-12-24 15:42:56,587 - lx - INFO 		Content-Type:=application/json
2020-12-24 15:42:56,587 - lx - INFO 		isadmin:=2
2020-12-24 15:42:56,587 - lx - INFO 		userId:=4756
2020-12-24 15:42:56,613 - lx - INFO 返回数据:={
  "code" : 1,
  "message" : "教室名称重复",
  "value" : -1
}
2020-12-24 15:42:56,614 - lx - INFO 断    言 FAIL
2020-12-24 15:42:56,614 - lx - INFO A:=保存成功
2020-12-24 15:42:56,614 - lx - INFO B:={
  "code" : 1,
  "message" : "教室名称重复",
  "value" : -1
}
2020-12-24 15:42:56,620 - lx - INFO HtmlRecorder received data:=['{"campusId": 453,"classroomName": "接口测试","peopleNum": 9,"classroomStatus": 1,"teacherCameraIP": "","teacherCameraPort": "","teacherCameraAccount": "lexueomo","teacherCameraPass": "lexue.com","studentCameraUrl": "","microphoneType": 0}', 'lx-004', '添加教室', 'post.js', 'https://pycmspre.lexue.com/basic/campus/saveClassroom', '保存成功', 'tianjiajiaoshi.vm', 'F', '{\n  "code" : 1,\n  "message" : "教室名称重复",\n  "value" : -1\n}']
2020-12-24 15:42:56,620 - lx - INFO tianjiajiaoshi writed to html success
2020-12-24 15:42:56,949 - lx - INFO 单行数据:={'campusId': '${flow("campusId")}', 'classroomName': '接口测试'}
2020-12-24 15:42:57,031 - lx - INFO flow数据:={'code': 0, 'message': 'SUCCESS', 'value': {'loginName': '18210546885', 'mobile': '18210546885', 'realName': '张振波', 'sex': 1, 'age': 18, 'userStatus': 1, 'isTeacher': 1, 'isAdmin': 2, 'roleId': 59, 'teacherId': 5759, 'menus': [], 'menuTrees': [], 'campus': [], 'token': 'eyJhbGciOiJIUzI1NiJ9.eyJqdGkiOiI0NzU2Iiwic3ViIjoi5byg5oyv5rOiIiwiaWF0IjoxNjA4Nzk1NzcyLCJleHAiOjE2MDg4MDI5NzJ9.REJM8jRRf-sXY2LOTPWHiE4S6tvatM7UwsSkpCnNlCI', 'sysUserId': 4756}, 'schoolId': '375', 'campusName': '测试数据报表校区', 'campusId': '453', 'subjectName': '语文', 'subjectId': 2142, 'classroomName': '接口测试', 'classroomId': 3463}
2020-12-24 15:42:57,031 - lx - INFO 公共数据:={'classroomId': 3463}
2020-12-24 15:42:57,031 - lx - INFO 合并数据:={'classroomId': 3463, 'campusId': '${flow("campusId")}', 'classroomName': '接口测试'}
2020-12-24 15:42:57,252 - lx - INFO 模板文件:=bianjijiaoshi.vm
2020-12-24 15:42:57,534 - lx - INFO 发送报文:={
"campusId": 453,
"classroomName": "接口测试",
"peopleNum": 10,
"classroomStatus": 1,
"teacherCameraIP": "",
"teacherCameraPort": "",
"teacherCameraAccount": "lexueomo",
"teacherCameraPass": "lexue.com",
"studentCameraUrl": "",
"microphoneType": 0,
"id": 3463
}
2020-12-24 15:42:57,535 - lx - INFO 执行报文:=['{"campusId": 453,"classroomName": "接口测试","peopleNum": 10,"classroomStatus": 1,"teacherCameraIP": "","teacherCameraPort": "","teacherCameraAccount": "lexueomo","teacherCameraPass": "lexue.com","studentCameraUrl": "","microphoneType": 0,"id": 3463}', 'lx-005', '编辑教室', 'post.js', 'https://pycmspre.lexue.com/basic/campus/updateClassroom', '更新成功', 'bianjijiaoshi.vm']
2020-12-24 15:42:57,535 - lx - INFO 接   口:=bianjijiaoshi
2020-12-24 15:42:57,535 - lx - INFO headers:	
2020-12-24 15:42:57,535 - lx - INFO 		appKey:=201820011141153
2020-12-24 15:42:57,535 - lx - INFO 		token:=eyJhbGciOiJIUzI1NiJ9.eyJqdGkiOiI0NzU2Iiwic3ViIjoi5byg5oyv5rOiIiwiaWF0IjoxNjA4Nzk1NzcyLCJleHAiOjE2MDg4MDI5NzJ9.REJM8jRRf-sXY2LOTPWHiE4S6tvatM7UwsSkpCnNlCI
2020-12-24 15:42:57,535 - lx - INFO 		signature:=79E48482F30ED5CA96DCBB4DFA43D1576DBC2B74
2020-12-24 15:42:57,535 - lx - INFO 		tenantId:=pycmspre
2020-12-24 15:42:57,535 - lx - INFO 		Content-Type:=application/json
2020-12-24 15:42:57,535 - lx - INFO 		isadmin:=2
2020-12-24 15:42:57,535 - lx - INFO 		userId:=4756
2020-12-24 15:42:57,565 - lx - INFO 返回数据:={
  "code" : 0,
  "message" : "更新成功",
  "value" : 1
}
2020-12-24 15:42:57,565 - lx - INFO 断    言 PASS
2020-12-24 15:42:57,569 - lx - INFO HtmlRecorder received data:=['{"campusId": 453,"classroomName": "接口测试","peopleNum": 10,"classroomStatus": 1,"teacherCameraIP": "","teacherCameraPort": "","teacherCameraAccount": "lexueomo","teacherCameraPass": "lexue.com","studentCameraUrl": "","microphoneType": 0,"id": 3463}', 'lx-005', '编辑教室', 'post.js', 'https://pycmspre.lexue.com/basic/campus/updateClassroom', '更新成功', 'bianjijiaoshi.vm', 'T', '{\n  "code" : 0,\n  "message" : "更新成功",\n  "value" : 1\n}']
2020-12-24 15:42:57,570 - lx - INFO bianjijiaoshi writed to html success
2020-12-24 15:42:57,834 - lx - INFO 单行数据:={'schoolId': '${flow("schoolId")}'}
2020-12-24 15:42:57,863 - lx - INFO flow数据:={'code': 0, 'message': 'SUCCESS', 'value': {'loginName': '18210546885', 'mobile': '18210546885', 'realName': '张振波', 'sex': 1, 'age': 18, 'userStatus': 1, 'isTeacher': 1, 'isAdmin': 2, 'roleId': 59, 'teacherId': 5759, 'menus': [], 'menuTrees': [], 'campus': [], 'token': 'eyJhbGciOiJIUzI1NiJ9.eyJqdGkiOiI0NzU2Iiwic3ViIjoi5byg5oyv5rOiIiwiaWF0IjoxNjA4Nzk1NzcyLCJleHAiOjE2MDg4MDI5NzJ9.REJM8jRRf-sXY2LOTPWHiE4S6tvatM7UwsSkpCnNlCI', 'sysUserId': 4756}, 'schoolId': '375', 'campusName': '测试数据报表校区', 'campusId': '453', 'subjectName': '语文', 'subjectId': 2142, 'classroomName': '接口测试', 'classroomId': 3463, 'classrulename': '自动化专用规律'}
2020-12-24 15:42:57,863 - lx - INFO 公共数据:={'classrulename': '自动化专用规律'}
2020-12-24 15:42:57,863 - lx - INFO 合并数据:={'classrulename': '自动化专用规律', 'schoolId': '${flow("schoolId")}'}
2020-12-24 15:42:58,086 - lx - INFO 模板文件:=xinjianshangkeguilv.vm
2020-12-24 15:42:58,290 - lx - INFO 发送报文:={
"schoolId": 375,
"name": "自动化专用规律",
"startTime": "2020-11-18",
"endTime": "2020-11-21",
"times": 1,
"cycle": 1,
"interval": 1,
"crlList": [{
	"id": null,
	"classRuleId": null,
	"date": "2020-11-21",
	"classTimes": 1,
	"dateWeek": "周六"
}],
"week": "6,7",
"crlRequest": [{
	"id": null,
	"classRuleId": null,
	"date": "2020-11-21",
	"classTimes": 1,
	"dateWeek": "周六"
}]
}
2020-12-24 15:42:58,290 - lx - INFO 执行报文:=['{"schoolId": 375,"name": "自动化专用规律","startTime": "2020-11-18","endTime": "2020-11-21","times": 1,"cycle": 1,"interval": 1,"crlList": [{"id": null,"classRuleId": null,"date": "2020-11-21","classTimes": 1,"dateWeek": "周六"}],"week": "6,7","crlRequest": [{"id": null,"classRuleId": null,"date": "2020-11-21","classTimes": 1,"dateWeek": "周六"}]}', 'lx-006', '新建上课规律', 'post.js', 'https://pycmspre.lexue.com/educational/classRule/saveClassRule', '保存成功', 'xinjianshangkeguilv.vm']
2020-12-24 15:42:58,290 - lx - INFO 接   口:=xinjianshangkeguilv
2020-12-24 15:42:58,290 - lx - INFO headers:	
2020-12-24 15:42:58,290 - lx - INFO 		appKey:=201820011141153
2020-12-24 15:42:58,290 - lx - INFO 		token:=eyJhbGciOiJIUzI1NiJ9.eyJqdGkiOiI0NzU2Iiwic3ViIjoi5byg5oyv5rOiIiwiaWF0IjoxNjA4Nzk1NzcyLCJleHAiOjE2MDg4MDI5NzJ9.REJM8jRRf-sXY2LOTPWHiE4S6tvatM7UwsSkpCnNlCI
2020-12-24 15:42:58,291 - lx - INFO 		signature:=79E48482F30ED5CA96DCBB4DFA43D1576DBC2B74
2020-12-24 15:42:58,291 - lx - INFO 		tenantId:=pycmspre
2020-12-24 15:42:58,291 - lx - INFO 		Content-Type:=application/json
2020-12-24 15:42:58,291 - lx - INFO 		isadmin:=2
2020-12-24 15:42:58,291 - lx - INFO 		userId:=4756
2020-12-24 15:42:58,320 - lx - INFO 返回数据:={
  "code" : 505,
  "message" : "上课规律名称已存在",
  "value" : null
}
2020-12-24 15:42:58,320 - lx - INFO 断    言 FAIL
2020-12-24 15:42:58,320 - lx - INFO A:=保存成功
2020-12-24 15:42:58,321 - lx - INFO B:={
  "code" : 505,
  "message" : "上课规律名称已存在",
  "value" : null
}
2020-12-24 15:42:58,323 - lx - INFO HtmlRecorder received data:=['{"schoolId": 375,"name": "自动化专用规律","startTime": "2020-11-18","endTime": "2020-11-21","times": 1,"cycle": 1,"interval": 1,"crlList": [{"id": null,"classRuleId": null,"date": "2020-11-21","classTimes": 1,"dateWeek": "周六"}],"week": "6,7","crlRequest": [{"id": null,"classRuleId": null,"date": "2020-11-21","classTimes": 1,"dateWeek": "周六"}]}', 'lx-006', '新建上课规律', 'post.js', 'https://pycmspre.lexue.com/educational/classRule/saveClassRule', '保存成功', 'xinjianshangkeguilv.vm', 'F', '{\n  "code" : 505,\n  "message" : "上课规律名称已存在",\n  "value" : null\n}']
2020-12-24 15:42:58,324 - lx - INFO xinjianshangkeguilv writed to html success
2020-12-24 15:42:58,612 - lx - INFO 单行数据:={'realName': '师h2mtM', 'staffNumber': '81869'}
2020-12-24 15:42:58,698 - lx - INFO flow数据:={'code': 0, 'message': 'SUCCESS', 'value': {'loginName': '18210546885', 'mobile': '18210546885', 'realName': '张振波', 'sex': 1, 'age': 18, 'userStatus': 1, 'isTeacher': 1, 'isAdmin': 2, 'roleId': 59, 'teacherId': 5759, 'menus': [], 'menuTrees': [], 'campus': [], 'token': 'eyJhbGciOiJIUzI1NiJ9.eyJqdGkiOiI0NzU2Iiwic3ViIjoi5byg5oyv5rOiIiwiaWF0IjoxNjA4Nzk1NzcyLCJleHAiOjE2MDg4MDI5NzJ9.REJM8jRRf-sXY2LOTPWHiE4S6tvatM7UwsSkpCnNlCI', 'sysUserId': 4756}, 'schoolId': 375, 'campusName': '测试数据报表校区', 'campusId': '453', 'subjectName': '语文', 'subjectId': 2142, 'classroomName': '接口测试', 'classroomId': 3463, 'classrulename': '自动化专用规律', 'tname': '师h2mtM', 'tmobile': '13871170221'}
2020-12-24 15:42:58,698 - lx - INFO 公共数据:={'schoolId': 375, 'tname': '师h2mtM', 'tmobile': '13871170221'}
2020-12-24 15:42:58,698 - lx - INFO 合并数据:={'schoolId': 375, 'tname': '师h2mtM', 'tmobile': '13871170221', 'realName': '师h2mtM', 'staffNumber': '81869'}
2020-12-24 15:42:58,963 - lx - INFO 模板文件:=xinjianyuangong.vm
2020-12-24 15:42:59,160 - lx - INFO 发送报文:={
"teacherRank": 1,
"superviseSubject": "",
"superviseGrade": "",
"userType": "",
"roleId": 38,
"roleType": 1,
"roleTypeName": "教师",
"name": "师h2mtM",
"realName": "师h2mtM",
"staffNumber": "81869",
"entryTime": "2020-11-10",
"mobile": "13871170221",
"headPic": "",
"teacherVideoCover": "",
"sex": 2,
"age": 18,
"email": "",
"schoolId": 375,
"campusIds": "441,444,445,450,453,465,476",
"nameInitials": "S",
"graduateFrom": "波士顿动力",
"mobileShow": 0,
"teacherType": "1",
"gradeId": "2296,2295,2294,2293,2127,2126,2125",
"gradeIdSupervision": [],
"subjectId": "2142,2143,2144,2183,2184,2185,2194,2195",
"subjectIdSupervision": [],
"ldList": [],
"introduction": "AutoTest",
"tags": [],
"teacherCertificationCode": "",
"teacherCertificationImage": "",
"showGraduationSchool": 1,
"gradeName": "高中组,初中组,小学组,综合,大班,中班,小班",
"subjectName": "语文,数学,英语,物理,化学,生物,地理,围棋",
"teacherStatus": 1,
"roleName": "",
"teacherUserId": ""
}
2020-12-24 15:42:59,160 - lx - INFO 执行报文:=['{"teacherRank": 1,"superviseSubject": "","superviseGrade": "","userType": "","roleId": 38,"roleType": 1,"roleTypeName": "教师","name": "师h2mtM","realName": "师h2mtM","staffNumber": "81869","entryTime": "2020-11-10","mobile": "13871170221","headPic": "","teacherVideoCover": "","sex": 2,"age": 18,"email": "","schoolId": 375,"campusIds": "441,444,445,450,453,465,476","nameInitials": "S","graduateFrom": "波士顿动力","mobileShow": 0,"teacherType": "1","gradeId": "2296,2295,2294,2293,2127,2126,2125","gradeIdSupervision": [],"subjectId": "2142,2143,2144,2183,2184,2185,2194,2195","subjectIdSupervision": [],"ldList": [],"introduction": "AutoTest","tags": [],"teacherCertificationCode": "","teacherCertificationImage": "","showGraduationSchool": 1,"gradeName": "高中组,初中组,小学组,综合,大班,中班,小班","subjectName": "语文,数学,英语,物理,化学,生物,地理,围棋","teacherStatus": 1,"roleName": "","teacherUserId": ""}', 'lx-007', '新建员工', 'post.js', 'https://pycmspre.lexue.com/personnel/teacher/saveTeacher', '保存成功', 'xinjianyuangong.vm']
2020-12-24 15:42:59,160 - lx - INFO 接   口:=xinjianyuangong
2020-12-24 15:42:59,160 - lx - INFO headers:	
2020-12-24 15:42:59,160 - lx - INFO 		appKey:=201820011141153
2020-12-24 15:42:59,160 - lx - INFO 		token:=eyJhbGciOiJIUzI1NiJ9.eyJqdGkiOiI0NzU2Iiwic3ViIjoi5byg5oyv5rOiIiwiaWF0IjoxNjA4Nzk1NzcyLCJleHAiOjE2MDg4MDI5NzJ9.REJM8jRRf-sXY2LOTPWHiE4S6tvatM7UwsSkpCnNlCI
2020-12-24 15:42:59,160 - lx - INFO 		signature:=79E48482F30ED5CA96DCBB4DFA43D1576DBC2B74
2020-12-24 15:42:59,160 - lx - INFO 		tenantId:=pycmspre
2020-12-24 15:42:59,160 - lx - INFO 		Content-Type:=application/json
2020-12-24 15:42:59,160 - lx - INFO 		isadmin:=2
2020-12-24 15:42:59,161 - lx - INFO 		userId:=4756
2020-12-24 15:42:59,246 - lx - INFO 返回数据:={
  "code" : 0,
  "message" : "保存成功",
  "value" : null
}
2020-12-24 15:42:59,246 - lx - INFO 断    言 PASS
2020-12-24 15:42:59,249 - lx - INFO HtmlRecorder received data:=['{"teacherRank": 1,"superviseSubject": "","superviseGrade": "","userType": "","roleId": 38,"roleType": 1,"roleTypeName": "教师","name": "师h2mtM","realName": "师h2mtM","staffNumber": "81869","entryTime": "2020-11-10","mobile": "13871170221","headPic": "","teacherVideoCover": "","sex": 2,"age": 18,"email": "","schoolId": 375,"campusIds": "441,444,445,450,453,465,476","nameInitials": "S","graduateFrom": "波士顿动力","mobileShow": 0,"teacherType": "1","gradeId": "2296,2295,2294,2293,2127,2126,2125","gradeIdSupervision": [],"subjectId": "2142,2143,2144,2183,2184,2185,2194,2195","subjectIdSupervision": [],"ldList": [],"introduction": "AutoTest","tags": [],"teacherCertificationCode": "","teacherCertificationImage": "","showGraduationSchool": 1,"gradeName": "高中组,初中组,小学组,综合,大班,中班,小班","subjectName": "语文,数学,英语,物理,化学,生物,地理,围棋","teacherStatus": 1,"roleName": "","teacherUserId": ""}', 'lx-007', '新建员工', 'post.js', 'https://pycmspre.lexue.com/personnel/teacher/saveTeacher', '保存成功', 'xinjianyuangong.vm', 'T', '{\n  "code" : 0,\n  "message" : "保存成功",\n  "value" : null\n}']
2020-12-24 15:42:59,250 - lx - INFO xinjianyuangong writed to html success
2020-12-24 15:42:59,583 - lx - INFO 单行数据:={'sysUserId': 5045}
2020-12-24 15:42:59,615 - lx - INFO flow数据:={'code': 0, 'message': 'SUCCESS', 'value': {'loginName': '18210546885', 'mobile': '18210546885', 'realName': '张振波', 'sex': 1, 'age': 18, 'userStatus': 1, 'isTeacher': 1, 'isAdmin': 2, 'roleId': 59, 'teacherId': 5759, 'menus': [], 'menuTrees': [], 'campus': [], 'token': 'eyJhbGciOiJIUzI1NiJ9.eyJqdGkiOiI0NzU2Iiwic3ViIjoi5byg5oyv5rOiIiwiaWF0IjoxNjA4Nzk1NzcyLCJleHAiOjE2MDg4MDI5NzJ9.REJM8jRRf-sXY2LOTPWHiE4S6tvatM7UwsSkpCnNlCI', 'sysUserId': 4756}, 'schoolId': 375, 'campusName': '测试数据报表校区', 'campusId': '453', 'subjectName': '语文', 'subjectId': 2142, 'classroomName': '接口测试', 'classroomId': 3463, 'classrulename': '自动化专用规律', 'tname': '师h2mtM', 'tmobile': '13871170221'}
2020-12-24 15:42:59,615 - lx - INFO 公共数据:={}
2020-12-24 15:42:59,615 - lx - INFO 合并数据:={'sysUserId': 5045}
2020-12-24 15:42:59,853 - lx - INFO 模板文件:=caidanquanxian.vm
2020-12-24 15:43:00,082 - lx - INFO 发送报文:={
"sysUserId":"5045",
"menuIds":"32,33,105,106,223,34,107,108,35,36,37,122,38,39,114,115,173,174,67,116,117,68,69,40,42,43,206,208,156,157,158,159,160,207,125,129,130,131,45,153,154,44,175,180,183,184,215,46,47,148,147,199,48,49,98,97,100,99,216,217,218,50,51,82,197,198,161,162,163,164,165,166,211,212,213,214,220,150,151,152,179,219,221,222,90,113,132,133,136,137,134,138,139,135,140,141,149,155,176,177,178,203,204,209,56,57,58,80,81,83,84,101,118,121,119,102,123,124,103,191,192,104,193,194,120,195,196,181,32,33,105,106,223,34,107,108,35,36,37,122,38,39,114,115,173,174,67,116,117,68,69,40,42,43,206,208,156,157,158,159,160,207,125,129,130,131,45,153,154,44,175,180,183,184,215,46,47,148,147,199,48,49,98,97,100,99,216,217,218,50,51,82,197,198,161,162,163,164,165,166,211,212,213,214,220,150,151,152,179,219,221,222,90,113,132,133,136,137,134,138,139,135,140,141,149,155,176,177,178,203,204,209,56,57,58,80,81,83,84,101,118,121,119,102,123,124,103,191,192,104,193,194,120,195,196,181"
}
2020-12-24 15:43:00,082 - lx - INFO 执行报文:=['{"sysUserId":"5045","menuIds":"32,33,105,106,223,34,107,108,35,36,37,122,38,39,114,115,173,174,67,116,117,68,69,40,42,43,206,208,156,157,158,159,160,207,125,129,130,131,45,153,154,44,175,180,183,184,215,46,47,148,147,199,48,49,98,97,100,99,216,217,218,50,51,82,197,198,161,162,163,164,165,166,211,212,213,214,220,150,151,152,179,219,221,222,90,113,132,133,136,137,134,138,139,135,140,141,149,155,176,177,178,203,204,209,56,57,58,80,81,83,84,101,118,121,119,102,123,124,103,191,192,104,193,194,120,195,196,181,32,33,105,106,223,34,107,108,35,36,37,122,38,39,114,115,173,174,67,116,117,68,69,40,42,43,206,208,156,157,158,159,160,207,125,129,130,131,45,153,154,44,175,180,183,184,215,46,47,148,147,199,48,49,98,97,100,99,216,217,218,50,51,82,197,198,161,162,163,164,165,166,211,212,213,214,220,150,151,152,179,219,221,222,90,113,132,133,136,137,134,138,139,135,140,141,149,155,176,177,178,203,204,209,56,57,58,80,81,83,84,101,118,121,119,102,123,124,103,191,192,104,193,194,120,195,196,181"}', 'lx-008', '菜单权限分配', 'put.ue', 'https://pycmspre.lexue.com/system/sysUser/updateUserAndMenu', 'SUCCESS', 'caidanquanxian.vm']
2020-12-24 15:43:00,082 - lx - INFO 接   口:=caidanquanxian
2020-12-24 15:43:00,082 - lx - INFO headers:	
2020-12-24 15:43:00,082 - lx - INFO 		appKey:=201820011141153
2020-12-24 15:43:00,082 - lx - INFO 		token:=eyJhbGciOiJIUzI1NiJ9.eyJqdGkiOiI0NzU2Iiwic3ViIjoi5byg5oyv5rOiIiwiaWF0IjoxNjA4Nzk1NzcyLCJleHAiOjE2MDg4MDI5NzJ9.REJM8jRRf-sXY2LOTPWHiE4S6tvatM7UwsSkpCnNlCI
2020-12-24 15:43:00,082 - lx - INFO 		signature:=F763C0C29297D8BBA84795BFDB4A0D12AE822529
2020-12-24 15:43:00,082 - lx - INFO 		tenantId:=pycmspre
2020-12-24 15:43:00,083 - lx - INFO 		Content-Type:=application/x-www-form-urlencoded
2020-12-24 15:43:00,083 - lx - INFO 		isadmin:=2
2020-12-24 15:43:00,083 - lx - INFO 		userId:=4756
2020-12-24 15:43:00,124 - lx - INFO 返回数据:={
  "code" : 0,
  "message" : "SUCCESS",
  "value" : true
}
2020-12-24 15:43:00,125 - lx - INFO 断    言 PASS
2020-12-24 15:43:00,130 - lx - INFO HtmlRecorder received data:=['{"sysUserId":"5045","menuIds":"32,33,105,106,223,34,107,108,35,36,37,122,38,39,114,115,173,174,67,116,117,68,69,40,42,43,206,208,156,157,158,159,160,207,125,129,130,131,45,153,154,44,175,180,183,184,215,46,47,148,147,199,48,49,98,97,100,99,216,217,218,50,51,82,197,198,161,162,163,164,165,166,211,212,213,214,220,150,151,152,179,219,221,222,90,113,132,133,136,137,134,138,139,135,140,141,149,155,176,177,178,203,204,209,56,57,58,80,81,83,84,101,118,121,119,102,123,124,103,191,192,104,193,194,120,195,196,181,32,33,105,106,223,34,107,108,35,36,37,122,38,39,114,115,173,174,67,116,117,68,69,40,42,43,206,208,156,157,158,159,160,207,125,129,130,131,45,153,154,44,175,180,183,184,215,46,47,148,147,199,48,49,98,97,100,99,216,217,218,50,51,82,197,198,161,162,163,164,165,166,211,212,213,214,220,150,151,152,179,219,221,222,90,113,132,133,136,137,134,138,139,135,140,141,149,155,176,177,178,203,204,209,56,57,58,80,81,83,84,101,118,121,119,102,123,124,103,191,192,104,193,194,120,195,196,181"}', 'lx-008', '菜单权限分配', 'put.ue', 'https://pycmspre.lexue.com/system/sysUser/updateUserAndMenu', 'SUCCESS', 'caidanquanxian.vm', 'T', '{\n  "code" : 0,\n  "message" : "SUCCESS",\n  "value" : true\n}']
2020-12-24 15:43:00,131 - lx - INFO caidanquanxian writed to html success
2020-12-24 15:43:00,480 - lx - INFO 单行数据:={'sysUserId': 5045}
2020-12-24 15:43:00,523 - lx - INFO flow数据:={'code': 0, 'message': 'SUCCESS', 'value': {'loginName': '18210546885', 'mobile': '18210546885', 'realName': '张振波', 'sex': 1, 'age': 18, 'userStatus': 1, 'isTeacher': 1, 'isAdmin': 2, 'roleId': 59, 'teacherId': 5759, 'menus': [], 'menuTrees': [], 'campus': [], 'token': 'eyJhbGciOiJIUzI1NiJ9.eyJqdGkiOiI0NzU2Iiwic3ViIjoi5byg5oyv5rOiIiwiaWF0IjoxNjA4Nzk1NzcyLCJleHAiOjE2MDg4MDI5NzJ9.REJM8jRRf-sXY2LOTPWHiE4S6tvatM7UwsSkpCnNlCI', 'sysUserId': 4756}, 'schoolId': 375, 'campusName': '测试数据报表校区', 'campusId': '453', 'subjectName': '语文', 'subjectId': 2142, 'classroomName': '接口测试', 'classroomId': 3463, 'classrulename': '自动化专用规律', 'tname': '师h2mtM', 'tmobile': '13871170221'}
2020-12-24 15:43:00,523 - lx - INFO 公共数据:={}
2020-12-24 15:43:00,523 - lx - INFO 合并数据:={'sysUserId': 5045}
2020-12-24 15:43:00,719 - lx - INFO 模板文件:=shujuquanxian.vm
2020-12-24 15:43:00,947 - lx - INFO 发送报文:={
"sysUserId":"5045",
"campusIds":"51,52,53,54,55,56,57,158,439,457,458,483,58,59,85,60,61,62,82,459,461,464,467,478,63,442,64,87,417,75,160,162,163,169,443,471,89,161,479,76,83,84,159,413,473,481,480,93,94,95,96,97,98,99,100,103,104,105,106,107,108,109,110,111,112,113,114,115,116,418,420,421,422,423,424,425,426,427,428,429,430,387,393,441,444,445,450,453,465,476"
}
2020-12-24 15:43:00,948 - lx - INFO 执行报文:=['{"sysUserId":"5045","campusIds":"51,52,53,54,55,56,57,158,439,457,458,483,58,59,85,60,61,62,82,459,461,464,467,478,63,442,64,87,417,75,160,162,163,169,443,471,89,161,479,76,83,84,159,413,473,481,480,93,94,95,96,97,98,99,100,103,104,105,106,107,108,109,110,111,112,113,114,115,116,418,420,421,422,423,424,425,426,427,428,429,430,387,393,441,444,445,450,453,465,476"}', 'lx-009', '数据权限', 'put.ue', 'https://pycmspre.lexue.com/system/sysUser/updateUserAndCampus', 'SUCCESS', 'shujuquanxian.vm']
2020-12-24 15:43:00,948 - lx - INFO 接   口:=shujuquanxian
2020-12-24 15:43:00,948 - lx - INFO headers:	
2020-12-24 15:43:00,948 - lx - INFO 		appKey:=201820011141153
2020-12-24 15:43:00,948 - lx - INFO 		token:=eyJhbGciOiJIUzI1NiJ9.eyJqdGkiOiI0NzU2Iiwic3ViIjoi5byg5oyv5rOiIiwiaWF0IjoxNjA4Nzk1NzcyLCJleHAiOjE2MDg4MDI5NzJ9.REJM8jRRf-sXY2LOTPWHiE4S6tvatM7UwsSkpCnNlCI
2020-12-24 15:43:00,948 - lx - INFO 		signature:=5C97C75A15C17B54F67F86A2F05B8DFC6ACC4C36
2020-12-24 15:43:00,948 - lx - INFO 		tenantId:=pycmspre
2020-12-24 15:43:00,948 - lx - INFO 		Content-Type:=application/x-www-form-urlencoded
2020-12-24 15:43:00,948 - lx - INFO 		isadmin:=2
2020-12-24 15:43:00,948 - lx - INFO 		userId:=4756
2020-12-24 15:43:00,987 - lx - INFO 返回数据:={
  "code" : 0,
  "message" : "SUCCESS",
  "value" : true
}
2020-12-24 15:43:00,987 - lx - INFO 断    言 PASS
2020-12-24 15:43:00,992 - lx - INFO HtmlRecorder received data:=['{"sysUserId":"5045","campusIds":"51,52,53,54,55,56,57,158,439,457,458,483,58,59,85,60,61,62,82,459,461,464,467,478,63,442,64,87,417,75,160,162,163,169,443,471,89,161,479,76,83,84,159,413,473,481,480,93,94,95,96,97,98,99,100,103,104,105,106,107,108,109,110,111,112,113,114,115,116,418,420,421,422,423,424,425,426,427,428,429,430,387,393,441,444,445,450,453,465,476"}', 'lx-009', '数据权限', 'put.ue', 'https://pycmspre.lexue.com/system/sysUser/updateUserAndCampus', 'SUCCESS', 'shujuquanxian.vm', 'T', '{\n  "code" : 0,\n  "message" : "SUCCESS",\n  "value" : true\n}']
2020-12-24 15:43:00,993 - lx - INFO shujuquanxian writed to html success
2020-12-24 15:43:01,323 - lx - INFO 单行数据:={'teacherIdtest': 6046}
2020-12-24 15:43:01,381 - lx - INFO flow数据:={'code': 0, 'message': 'SUCCESS', 'value': {'loginName': '18210546885', 'mobile': '18210546885', 'realName': '张振波', 'sex': 1, 'age': 18, 'userStatus': 1, 'isTeacher': 1, 'isAdmin': 2, 'roleId': 59, 'teacherId': 5759, 'menus': [], 'menuTrees': [], 'campus': [], 'token': 'eyJhbGciOiJIUzI1NiJ9.eyJqdGkiOiI0NzU2Iiwic3ViIjoi5byg5oyv5rOiIiwiaWF0IjoxNjA4Nzk1NzcyLCJleHAiOjE2MDg4MDI5NzJ9.REJM8jRRf-sXY2LOTPWHiE4S6tvatM7UwsSkpCnNlCI', 'sysUserId': 4756}, 'schoolId': 375, 'campusName': '测试数据报表校区', 'campusId': '453', 'subjectName': '语文', 'subjectId': 2142, 'classroomName': '接口测试', 'classroomId': 3463, 'classrulename': '自动化专用规律', 'tname': '师h2mtM', 'tmobile': '13871170221'}
2020-12-24 15:43:01,381 - lx - INFO 公共数据:={}
2020-12-24 15:43:01,381 - lx - INFO 合并数据:={'teacherIdtest': 6046}
2020-12-24 15:43:01,622 - lx - INFO 模板文件:=jiaoshizhuangtai.vm
2020-12-24 15:43:01,811 - lx - INFO 发送报文:={
"teacherId":"6046",
"teacherStatus":"0"
}
2020-12-24 15:43:01,811 - lx - INFO 执行报文:=['{"teacherId":"6046","teacherStatus":"0"}', None, '员工状态更新', 'put.ue', 'https://pycmspre.lexue.com/personnel/teacher/updateTeacherStatus', '更新成功', 'jiaoshizhuangtai.vm']
2020-12-24 15:43:01,811 - lx - INFO 接   口:=jiaoshizhuangtai
2020-12-24 15:43:01,811 - lx - INFO headers:	
2020-12-24 15:43:01,811 - lx - INFO 		appKey:=201820011141153
2020-12-24 15:43:01,811 - lx - INFO 		token:=eyJhbGciOiJIUzI1NiJ9.eyJqdGkiOiI0NzU2Iiwic3ViIjoi5byg5oyv5rOiIiwiaWF0IjoxNjA4Nzk1NzcyLCJleHAiOjE2MDg4MDI5NzJ9.REJM8jRRf-sXY2LOTPWHiE4S6tvatM7UwsSkpCnNlCI
2020-12-24 15:43:01,811 - lx - INFO 		signature:=1F8ABA643FCB434045D6A74386A913899BF013D1
2020-12-24 15:43:01,812 - lx - INFO 		tenantId:=pycmspre
2020-12-24 15:43:01,812 - lx - INFO 		Content-Type:=application/x-www-form-urlencoded
2020-12-24 15:43:01,812 - lx - INFO 		isadmin:=2
2020-12-24 15:43:01,812 - lx - INFO 		userId:=4756
2020-12-24 15:43:01,912 - lx - INFO 返回数据:={
  "code" : 0,
  "message" : "更新成功",
  "value" : null
}
2020-12-24 15:43:01,912 - lx - INFO 断    言 PASS
2020-12-24 15:43:01,915 - lx - INFO HtmlRecorder received data:=['{"teacherId":"6046","teacherStatus":"0"}', None, '员工状态更新', 'put.ue', 'https://pycmspre.lexue.com/personnel/teacher/updateTeacherStatus', '更新成功', 'jiaoshizhuangtai.vm', 'T', '{\n  "code" : 0,\n  "message" : "更新成功",\n  "value" : null\n}']
2020-12-24 15:43:01,915 - lx - INFO jiaoshizhuangtai writed to html success
2020-12-24 15:43:44,455 - lx - INFO 登录报文:=['{"loginName":18210546885,"password":123456}', None, None, 'post.ue', 'https://pycmspre.lexue.com/system/sysUser/login', 'SUCCESS', 'cmslogin.vm']
2020-12-24 15:43:45,084 - lx - INFO 单行数据:={}
2020-12-24 15:43:45,109 - lx - INFO flow数据:={'code': 0, 'message': 'SUCCESS', 'value': {'loginName': '18210546885', 'mobile': '18210546885', 'realName': '张振波', 'sex': 1, 'age': 18, 'userStatus': 1, 'isTeacher': 1, 'isAdmin': 2, 'roleId': 59, 'teacherId': 5759, 'menus': [], 'menuTrees': [], 'campus': [], 'token': 'eyJhbGciOiJIUzI1NiJ9.eyJqdGkiOiI0NzU2Iiwic3ViIjoi5byg5oyv5rOiIiwiaWF0IjoxNjA4Nzk1ODI0LCJleHAiOjE2MDg4MDMwMjR9.clxquf6VMI_Ee_I5-kjKu835O6_9Ah54CJw1pBkL8MU', 'sysUserId': 4756}, 'schoolId': '375', 'campusName': '测试数据报表校区'}
2020-12-24 15:43:45,109 - lx - INFO 公共数据:={'schoolId': '375', 'campusName': '测试数据报表校区'}
2020-12-24 15:43:45,109 - lx - INFO 合并数据:={'schoolId': '375', 'campusName': '测试数据报表校区'}
2020-12-24 15:43:45,302 - lx - INFO 模板文件:=xinjianxiaoqu.vm
2020-12-24 15:43:45,524 - lx - INFO 发送报文:={
"campusStatus":"1",
"longitude":"108.36",
"latitude":"39.85",
"id":"",
"bigAreaId":"107",
"provinceId":"650000",
"cityId":"654000",
"areaId":"654002",
"schoolId":"375",
"campusName":"测试数据报表校区",
"address":"幸福大街182号",
"phone":"0037-36689952",
"bigAreaName":"西北",
"provinceName":"新疆维吾尔自治区",
"cityName":"伊犁哈萨克自治州",
"areaName":"伊宁市",
"coordinate":"",
"logo":"https://picspy.lexue.com/avatar-employee-1606547992395"
}
2020-12-24 15:43:45,524 - lx - INFO 执行报文:=['{"campusStatus":"1","longitude":"108.36","latitude":"39.85","id":"","bigAreaId":"107","provinceId":"650000","cityId":"654000","areaId":"654002","schoolId":"375","campusName":"测试数据报表校区","address":"幸福大街182号","phone":"0037-36689952","bigAreaName":"西北","provinceName":"新疆维吾尔自治区","cityName":"伊犁哈萨克自治州","areaName":"伊宁市","coordinate":"","logo":"https://picspy.lexue.com/avatar-employee-1606547992395"}', 'lx-001', '新建校区', 'post.ue', 'https://pycmspre.lexue.com/basic/campus/saveCampus', '保存成功', 'xinjianxiaoqu.vm']
2020-12-24 15:43:45,524 - lx - INFO 接   口:=xinjianxiaoqu
2020-12-24 15:43:45,524 - lx - INFO headers:	
2020-12-24 15:43:45,524 - lx - INFO 		appKey:=201820011141153
2020-12-24 15:43:45,524 - lx - INFO 		token:=eyJhbGciOiJIUzI1NiJ9.eyJqdGkiOiI0NzU2Iiwic3ViIjoi5byg5oyv5rOiIiwiaWF0IjoxNjA4Nzk1ODI0LCJleHAiOjE2MDg4MDMwMjR9.clxquf6VMI_Ee_I5-kjKu835O6_9Ah54CJw1pBkL8MU
2020-12-24 15:43:45,524 - lx - INFO 		signature:=BE269F59A8F042B21E57B07E33F228EE555A15AE
2020-12-24 15:43:45,525 - lx - INFO 		tenantId:=pycmspre
2020-12-24 15:43:45,525 - lx - INFO 		Content-Type:=application/x-www-form-urlencoded
2020-12-24 15:43:45,525 - lx - INFO 		isadmin:=2
2020-12-24 15:43:45,525 - lx - INFO 		userId:=4756
2020-12-24 15:43:45,590 - lx - INFO 返回数据:={
  "code" : 0,
  "message" : "保存成功",
  "value" : 569
}
2020-12-24 15:43:45,590 - lx - INFO 断    言 PASS
2020-12-24 15:43:45,596 - lx - INFO HtmlRecorder received data:=['{"campusStatus":"1","longitude":"108.36","latitude":"39.85","id":"","bigAreaId":"107","provinceId":"650000","cityId":"654000","areaId":"654002","schoolId":"375","campusName":"测试数据报表校区","address":"幸福大街182号","phone":"0037-36689952","bigAreaName":"西北","provinceName":"新疆维吾尔自治区","cityName":"伊犁哈萨克自治州","areaName":"伊宁市","coordinate":"","logo":"https://picspy.lexue.com/avatar-employee-1606547992395"}', 'lx-001', '新建校区', 'post.ue', 'https://pycmspre.lexue.com/basic/campus/saveCampus', '保存成功', 'xinjianxiaoqu.vm', 'T', '{\n  "code" : 0,\n  "message" : "保存成功",\n  "value" : 569\n}']
2020-12-24 15:43:45,597 - lx - INFO xinjianxiaoqu writed to html success
2020-12-24 15:43:45,883 - lx - INFO 单行数据:={}
2020-12-24 15:43:45,910 - lx - INFO flow数据:={'code': 0, 'message': 'SUCCESS', 'value': {'loginName': '18210546885', 'mobile': '18210546885', 'realName': '张振波', 'sex': 1, 'age': 18, 'userStatus': 1, 'isTeacher': 1, 'isAdmin': 2, 'roleId': 59, 'teacherId': 5759, 'menus': [], 'menuTrees': [], 'campus': [], 'token': 'eyJhbGciOiJIUzI1NiJ9.eyJqdGkiOiI0NzU2Iiwic3ViIjoi5byg5oyv5rOiIiwiaWF0IjoxNjA4Nzk1ODI0LCJleHAiOjE2MDg4MDMwMjR9.clxquf6VMI_Ee_I5-kjKu835O6_9Ah54CJw1pBkL8MU', 'sysUserId': 4756}, 'schoolId': '375', 'campusName': '测试数据报表校区', 'campusId': '453'}
2020-12-24 15:43:45,910 - lx - INFO 公共数据:={'campusId': '453'}
2020-12-24 15:43:45,910 - lx - INFO 合并数据:={'campusId': '453'}
2020-12-24 15:43:46,101 - lx - INFO 模板文件:=qiyongxiaoqu.vm
2020-12-24 15:43:46,341 - lx - INFO 发送报文:={
"id":"453",
"campusStatus": 1
}
2020-12-24 15:43:46,341 - lx - INFO 执行报文:=['{"id":"453","campusStatus": 1}', 'lx-002', '启用校区', 'put.ue', 'https://pycmspre.lexue.com/basic/campus/updateCampusStatus', '更新状态成功', 'qiyongxiaoqu.vm']
2020-12-24 15:43:46,341 - lx - INFO 接   口:=qiyongxiaoqu
2020-12-24 15:43:46,341 - lx - INFO headers:	
2020-12-24 15:43:46,341 - lx - INFO 		appKey:=201820011141153
2020-12-24 15:43:46,341 - lx - INFO 		token:=eyJhbGciOiJIUzI1NiJ9.eyJqdGkiOiI0NzU2Iiwic3ViIjoi5byg5oyv5rOiIiwiaWF0IjoxNjA4Nzk1ODI0LCJleHAiOjE2MDg4MDMwMjR9.clxquf6VMI_Ee_I5-kjKu835O6_9Ah54CJw1pBkL8MU
2020-12-24 15:43:46,341 - lx - INFO 		signature:=3E54809EE0A46F19FEA7515F0CE770276E02F607
2020-12-24 15:43:46,341 - lx - INFO 		tenantId:=pycmspre
2020-12-24 15:43:46,341 - lx - INFO 		Content-Type:=application/x-www-form-urlencoded
2020-12-24 15:43:46,342 - lx - INFO 		isadmin:=2
2020-12-24 15:43:46,342 - lx - INFO 		userId:=4756
2020-12-24 15:43:46,372 - lx - INFO 返回数据:={
  "code" : 0,
  "message" : "更新状态成功",
  "value" : 1
}
2020-12-24 15:43:46,372 - lx - INFO 断    言 PASS
2020-12-24 15:43:46,378 - lx - INFO HtmlRecorder received data:=['{"id":"453","campusStatus": 1}', 'lx-002', '启用校区', 'put.ue', 'https://pycmspre.lexue.com/basic/campus/updateCampusStatus', '更新状态成功', 'qiyongxiaoqu.vm', 'T', '{\n  "code" : 0,\n  "message" : "更新状态成功",\n  "value" : 1\n}']
2020-12-24 15:43:46,378 - lx - INFO qiyongxiaoqu writed to html success
2020-12-24 15:43:46,654 - lx - INFO 单行数据:={'levelName': '自动化等级', 'operatorName': '${flow("realName")}', 'schoolId': '${flow("schoolId")}', 'subjectName2': '语文'}
2020-12-24 15:43:46,778 - lx - INFO flow数据:={'code': 0, 'message': 'SUCCESS', 'value': {'loginName': '18210546885', 'mobile': '18210546885', 'realName': '张振波', 'sex': 1, 'age': 18, 'userStatus': 1, 'isTeacher': 1, 'isAdmin': 2, 'roleId': 59, 'teacherId': 5759, 'menus': [], 'menuTrees': [], 'campus': [], 'token': 'eyJhbGciOiJIUzI1NiJ9.eyJqdGkiOiI0NzU2Iiwic3ViIjoi5byg5oyv5rOiIiwiaWF0IjoxNjA4Nzk1ODI0LCJleHAiOjE2MDg4MDMwMjR9.clxquf6VMI_Ee_I5-kjKu835O6_9Ah54CJw1pBkL8MU', 'sysUserId': 4756}, 'schoolId': '375', 'campusName': '测试数据报表校区', 'campusId': '453', 'subjectName': '语文', 'subjectId': 2142}
2020-12-24 15:43:46,779 - lx - INFO 公共数据:={'subjectName': '语文', 'subjectId': 2142}
2020-12-24 15:43:46,779 - lx - INFO 合并数据:={'subjectName': '语文', 'subjectId': 2142, 'levelName': '自动化等级', 'operatorName': '${flow("realName")}', 'schoolId': '${flow("schoolId")}', 'subjectName2': '语文'}
2020-12-24 15:43:47,033 - lx - INFO 模板文件:=fengcengdengji.vm
2020-12-24 15:43:47,239 - lx - INFO 发送报文:={
"levels": [{
	"schoolId": 375,
	"subjectId": 2142,
	"subjectName": "语文",
	"levelName": "自动化等级",
	"levelStatus": 1
}],
"operatorName": "张振波",
"subjectName": "语文"
}
2020-12-24 15:43:47,240 - lx - INFO 执行报文:=['{"levels": [{"schoolId": 375,"subjectId": 2142,"subjectName": "语文","levelName": "自动化等级","levelStatus": 1}],"operatorName": "张振波","subjectName": "语文"}', 'lx-003', '新建分层等级', 'post.js', 'https://pycmspre.lexue.com/basic/level/saveLevels', '操作成功', 'fengcengdengji.vm']
2020-12-24 15:43:47,240 - lx - INFO 接   口:=fengcengdengji
2020-12-24 15:43:47,240 - lx - INFO headers:	
2020-12-24 15:43:47,240 - lx - INFO 		appKey:=201820011141153
2020-12-24 15:43:47,240 - lx - INFO 		token:=eyJhbGciOiJIUzI1NiJ9.eyJqdGkiOiI0NzU2Iiwic3ViIjoi5byg5oyv5rOiIiwiaWF0IjoxNjA4Nzk1ODI0LCJleHAiOjE2MDg4MDMwMjR9.clxquf6VMI_Ee_I5-kjKu835O6_9Ah54CJw1pBkL8MU
2020-12-24 15:43:47,240 - lx - INFO 		signature:=79E48482F30ED5CA96DCBB4DFA43D1576DBC2B74
2020-12-24 15:43:47,240 - lx - INFO 		tenantId:=pycmspre
2020-12-24 15:43:47,240 - lx - INFO 		Content-Type:=application/json
2020-12-24 15:43:47,240 - lx - INFO 		isadmin:=2
2020-12-24 15:43:47,240 - lx - INFO 		userId:=4756
2020-12-24 15:43:47,277 - lx - INFO 返回数据:={
  "code" : 502,
  "message" : "名称重复：自动化等级",
  "value" : null
}
2020-12-24 15:43:47,277 - lx - INFO 断    言 FAIL
2020-12-24 15:43:47,277 - lx - INFO A:=操作成功
2020-12-24 15:43:47,277 - lx - INFO B:={
  "code" : 502,
  "message" : "名称重复：自动化等级",
  "value" : null
}
2020-12-24 15:43:47,283 - lx - INFO HtmlRecorder received data:=['{"levels": [{"schoolId": 375,"subjectId": 2142,"subjectName": "语文","levelName": "自动化等级","levelStatus": 1}],"operatorName": "张振波","subjectName": "语文"}', 'lx-003', '新建分层等级', 'post.js', 'https://pycmspre.lexue.com/basic/level/saveLevels', '操作成功', 'fengcengdengji.vm', 'F', '{\n  "code" : 502,\n  "message" : "名称重复：自动化等级",\n  "value" : null\n}']
2020-12-24 15:43:47,284 - lx - INFO fengcengdengji writed to html success
2020-12-24 15:43:47,586 - lx - INFO 单行数据:={}
2020-12-24 15:43:47,612 - lx - INFO flow数据:={'code': 0, 'message': 'SUCCESS', 'value': {'loginName': '18210546885', 'mobile': '18210546885', 'realName': '张振波', 'sex': 1, 'age': 18, 'userStatus': 1, 'isTeacher': 1, 'isAdmin': 2, 'roleId': 59, 'teacherId': 5759, 'menus': [], 'menuTrees': [], 'campus': [], 'token': 'eyJhbGciOiJIUzI1NiJ9.eyJqdGkiOiI0NzU2Iiwic3ViIjoi5byg5oyv5rOiIiwiaWF0IjoxNjA4Nzk1ODI0LCJleHAiOjE2MDg4MDMwMjR9.clxquf6VMI_Ee_I5-kjKu835O6_9Ah54CJw1pBkL8MU', 'sysUserId': 4756}, 'schoolId': '375', 'campusName': '测试数据报表校区', 'campusId': '453', 'subjectName': '语文', 'subjectId': 2142, 'classroomName': '接口测试'}
2020-12-24 15:43:47,612 - lx - INFO 公共数据:={'campusId': '453', 'classroomName': '接口测试'}
2020-12-24 15:43:47,612 - lx - INFO 合并数据:={'campusId': '453', 'classroomName': '接口测试'}
2020-12-24 15:43:47,807 - lx - INFO 模板文件:=tianjiajiaoshi.vm
2020-12-24 15:43:48,074 - lx - INFO 发送报文:={
"campusId": 453,
"classroomName": "接口测试",
"peopleNum": 9,
"classroomStatus": 1,
"teacherCameraIP": "",
"teacherCameraPort": "",
"teacherCameraAccount": "lexueomo",
"teacherCameraPass": "lexue.com",
"studentCameraUrl": "",
"microphoneType": 0
}
2020-12-24 15:43:48,074 - lx - INFO 执行报文:=['{"campusId": 453,"classroomName": "接口测试","peopleNum": 9,"classroomStatus": 1,"teacherCameraIP": "","teacherCameraPort": "","teacherCameraAccount": "lexueomo","teacherCameraPass": "lexue.com","studentCameraUrl": "","microphoneType": 0}', 'lx-004', '添加教室', 'post.js', 'https://pycmspre.lexue.com/basic/campus/saveClassroom', '保存成功', 'tianjiajiaoshi.vm']
2020-12-24 15:43:48,074 - lx - INFO 接   口:=tianjiajiaoshi
2020-12-24 15:43:48,074 - lx - INFO headers:	
2020-12-24 15:43:48,074 - lx - INFO 		appKey:=201820011141153
2020-12-24 15:43:48,074 - lx - INFO 		token:=eyJhbGciOiJIUzI1NiJ9.eyJqdGkiOiI0NzU2Iiwic3ViIjoi5byg5oyv5rOiIiwiaWF0IjoxNjA4Nzk1ODI0LCJleHAiOjE2MDg4MDMwMjR9.clxquf6VMI_Ee_I5-kjKu835O6_9Ah54CJw1pBkL8MU
2020-12-24 15:43:48,075 - lx - INFO 		signature:=79E48482F30ED5CA96DCBB4DFA43D1576DBC2B74
2020-12-24 15:43:48,075 - lx - INFO 		tenantId:=pycmspre
2020-12-24 15:43:48,075 - lx - INFO 		Content-Type:=application/json
2020-12-24 15:43:48,075 - lx - INFO 		isadmin:=2
2020-12-24 15:43:48,075 - lx - INFO 		userId:=4756
2020-12-24 15:43:48,097 - lx - INFO 返回数据:={
  "code" : 1,
  "message" : "教室名称重复",
  "value" : -1
}
2020-12-24 15:43:48,097 - lx - INFO 断    言 FAIL
2020-12-24 15:43:48,097 - lx - INFO A:=保存成功
2020-12-24 15:43:48,097 - lx - INFO B:={
  "code" : 1,
  "message" : "教室名称重复",
  "value" : -1
}
2020-12-24 15:43:48,100 - lx - INFO HtmlRecorder received data:=['{"campusId": 453,"classroomName": "接口测试","peopleNum": 9,"classroomStatus": 1,"teacherCameraIP": "","teacherCameraPort": "","teacherCameraAccount": "lexueomo","teacherCameraPass": "lexue.com","studentCameraUrl": "","microphoneType": 0}', 'lx-004', '添加教室', 'post.js', 'https://pycmspre.lexue.com/basic/campus/saveClassroom', '保存成功', 'tianjiajiaoshi.vm', 'F', '{\n  "code" : 1,\n  "message" : "教室名称重复",\n  "value" : -1\n}']
2020-12-24 15:43:48,100 - lx - INFO tianjiajiaoshi writed to html success
2020-12-24 15:43:48,377 - lx - INFO 单行数据:={'campusId': '${flow("campusId")}', 'classroomName': '接口测试'}
2020-12-24 15:43:48,463 - lx - INFO flow数据:={'code': 0, 'message': 'SUCCESS', 'value': {'loginName': '18210546885', 'mobile': '18210546885', 'realName': '张振波', 'sex': 1, 'age': 18, 'userStatus': 1, 'isTeacher': 1, 'isAdmin': 2, 'roleId': 59, 'teacherId': 5759, 'menus': [], 'menuTrees': [], 'campus': [], 'token': 'eyJhbGciOiJIUzI1NiJ9.eyJqdGkiOiI0NzU2Iiwic3ViIjoi5byg5oyv5rOiIiwiaWF0IjoxNjA4Nzk1ODI0LCJleHAiOjE2MDg4MDMwMjR9.clxquf6VMI_Ee_I5-kjKu835O6_9Ah54CJw1pBkL8MU', 'sysUserId': 4756}, 'schoolId': '375', 'campusName': '测试数据报表校区', 'campusId': '453', 'subjectName': '语文', 'subjectId': 2142, 'classroomName': '接口测试', 'classroomId': 3463}
2020-12-24 15:43:48,464 - lx - INFO 公共数据:={'classroomId': 3463}
2020-12-24 15:43:48,464 - lx - INFO 合并数据:={'classroomId': 3463, 'campusId': '${flow("campusId")}', 'classroomName': '接口测试'}
2020-12-24 15:43:48,744 - lx - INFO 模板文件:=bianjijiaoshi.vm
2020-12-24 15:43:49,038 - lx - INFO 发送报文:={
"campusId": 453,
"classroomName": "接口测试",
"peopleNum": 10,
"classroomStatus": 1,
"teacherCameraIP": "",
"teacherCameraPort": "",
"teacherCameraAccount": "lexueomo",
"teacherCameraPass": "lexue.com",
"studentCameraUrl": "",
"microphoneType": 0,
"id": 3463
}
2020-12-24 15:43:49,038 - lx - INFO 执行报文:=['{"campusId": 453,"classroomName": "接口测试","peopleNum": 10,"classroomStatus": 1,"teacherCameraIP": "","teacherCameraPort": "","teacherCameraAccount": "lexueomo","teacherCameraPass": "lexue.com","studentCameraUrl": "","microphoneType": 0,"id": 3463}', 'lx-005', '编辑教室', 'post.js', 'https://pycmspre.lexue.com/basic/campus/updateClassroom', '更新成功', 'bianjijiaoshi.vm']
2020-12-24 15:43:49,039 - lx - INFO 接   口:=bianjijiaoshi
2020-12-24 15:43:49,039 - lx - INFO headers:	
2020-12-24 15:43:49,039 - lx - INFO 		appKey:=201820011141153
2020-12-24 15:43:49,039 - lx - INFO 		token:=eyJhbGciOiJIUzI1NiJ9.eyJqdGkiOiI0NzU2Iiwic3ViIjoi5byg5oyv5rOiIiwiaWF0IjoxNjA4Nzk1ODI0LCJleHAiOjE2MDg4MDMwMjR9.clxquf6VMI_Ee_I5-kjKu835O6_9Ah54CJw1pBkL8MU
2020-12-24 15:43:49,039 - lx - INFO 		signature:=79E48482F30ED5CA96DCBB4DFA43D1576DBC2B74
2020-12-24 15:43:49,039 - lx - INFO 		tenantId:=pycmspre
2020-12-24 15:43:49,039 - lx - INFO 		Content-Type:=application/json
2020-12-24 15:43:49,039 - lx - INFO 		isadmin:=2
2020-12-24 15:43:49,039 - lx - INFO 		userId:=4756
2020-12-24 15:43:49,068 - lx - INFO 返回数据:={
  "code" : 0,
  "message" : "更新成功",
  "value" : 1
}
2020-12-24 15:43:49,068 - lx - INFO 断    言 PASS
2020-12-24 15:43:49,073 - lx - INFO HtmlRecorder received data:=['{"campusId": 453,"classroomName": "接口测试","peopleNum": 10,"classroomStatus": 1,"teacherCameraIP": "","teacherCameraPort": "","teacherCameraAccount": "lexueomo","teacherCameraPass": "lexue.com","studentCameraUrl": "","microphoneType": 0,"id": 3463}', 'lx-005', '编辑教室', 'post.js', 'https://pycmspre.lexue.com/basic/campus/updateClassroom', '更新成功', 'bianjijiaoshi.vm', 'T', '{\n  "code" : 0,\n  "message" : "更新成功",\n  "value" : 1\n}']
2020-12-24 15:43:49,074 - lx - INFO bianjijiaoshi writed to html success
2020-12-24 15:43:49,360 - lx - INFO 单行数据:={'schoolId': '${flow("schoolId")}'}
2020-12-24 15:43:49,386 - lx - INFO flow数据:={'code': 0, 'message': 'SUCCESS', 'value': {'loginName': '18210546885', 'mobile': '18210546885', 'realName': '张振波', 'sex': 1, 'age': 18, 'userStatus': 1, 'isTeacher': 1, 'isAdmin': 2, 'roleId': 59, 'teacherId': 5759, 'menus': [], 'menuTrees': [], 'campus': [], 'token': 'eyJhbGciOiJIUzI1NiJ9.eyJqdGkiOiI0NzU2Iiwic3ViIjoi5byg5oyv5rOiIiwiaWF0IjoxNjA4Nzk1ODI0LCJleHAiOjE2MDg4MDMwMjR9.clxquf6VMI_Ee_I5-kjKu835O6_9Ah54CJw1pBkL8MU', 'sysUserId': 4756}, 'schoolId': '375', 'campusName': '测试数据报表校区', 'campusId': '453', 'subjectName': '语文', 'subjectId': 2142, 'classroomName': '接口测试', 'classroomId': 3463, 'classrulename': '自动化专用规律'}
2020-12-24 15:43:49,386 - lx - INFO 公共数据:={'classrulename': '自动化专用规律'}
2020-12-24 15:43:49,387 - lx - INFO 合并数据:={'classrulename': '自动化专用规律', 'schoolId': '${flow("schoolId")}'}
2020-12-24 15:43:49,613 - lx - INFO 模板文件:=xinjianshangkeguilv.vm
2020-12-24 15:43:49,809 - lx - INFO 发送报文:={
"schoolId": 375,
"name": "自动化专用规律",
"startTime": "2020-11-18",
"endTime": "2020-11-21",
"times": 1,
"cycle": 1,
"interval": 1,
"crlList": [{
	"id": null,
	"classRuleId": null,
	"date": "2020-11-21",
	"classTimes": 1,
	"dateWeek": "周六"
}],
"week": "6,7",
"crlRequest": [{
	"id": null,
	"classRuleId": null,
	"date": "2020-11-21",
	"classTimes": 1,
	"dateWeek": "周六"
}]
}
2020-12-24 15:43:49,809 - lx - INFO 执行报文:=['{"schoolId": 375,"name": "自动化专用规律","startTime": "2020-11-18","endTime": "2020-11-21","times": 1,"cycle": 1,"interval": 1,"crlList": [{"id": null,"classRuleId": null,"date": "2020-11-21","classTimes": 1,"dateWeek": "周六"}],"week": "6,7","crlRequest": [{"id": null,"classRuleId": null,"date": "2020-11-21","classTimes": 1,"dateWeek": "周六"}]}', 'lx-006', '新建上课规律', 'post.js', 'https://pycmspre.lexue.com/educational/classRule/saveClassRule', '保存成功', 'xinjianshangkeguilv.vm']
2020-12-24 15:43:49,809 - lx - INFO 接   口:=xinjianshangkeguilv
2020-12-24 15:43:49,809 - lx - INFO headers:	
2020-12-24 15:43:49,809 - lx - INFO 		appKey:=201820011141153
2020-12-24 15:43:49,809 - lx - INFO 		token:=eyJhbGciOiJIUzI1NiJ9.eyJqdGkiOiI0NzU2Iiwic3ViIjoi5byg5oyv5rOiIiwiaWF0IjoxNjA4Nzk1ODI0LCJleHAiOjE2MDg4MDMwMjR9.clxquf6VMI_Ee_I5-kjKu835O6_9Ah54CJw1pBkL8MU
2020-12-24 15:43:49,809 - lx - INFO 		signature:=79E48482F30ED5CA96DCBB4DFA43D1576DBC2B74
2020-12-24 15:43:49,809 - lx - INFO 		tenantId:=pycmspre
2020-12-24 15:43:49,810 - lx - INFO 		Content-Type:=application/json
2020-12-24 15:43:49,810 - lx - INFO 		isadmin:=2
2020-12-24 15:43:49,810 - lx - INFO 		userId:=4756
2020-12-24 15:43:49,838 - lx - INFO 返回数据:={
  "code" : 505,
  "message" : "上课规律名称已存在",
  "value" : null
}
2020-12-24 15:43:49,839 - lx - INFO 断    言 FAIL
2020-12-24 15:43:49,839 - lx - INFO A:=保存成功
2020-12-24 15:43:49,839 - lx - INFO B:={
  "code" : 505,
  "message" : "上课规律名称已存在",
  "value" : null
}
2020-12-24 15:43:49,841 - lx - INFO HtmlRecorder received data:=['{"schoolId": 375,"name": "自动化专用规律","startTime": "2020-11-18","endTime": "2020-11-21","times": 1,"cycle": 1,"interval": 1,"crlList": [{"id": null,"classRuleId": null,"date": "2020-11-21","classTimes": 1,"dateWeek": "周六"}],"week": "6,7","crlRequest": [{"id": null,"classRuleId": null,"date": "2020-11-21","classTimes": 1,"dateWeek": "周六"}]}', 'lx-006', '新建上课规律', 'post.js', 'https://pycmspre.lexue.com/educational/classRule/saveClassRule', '保存成功', 'xinjianshangkeguilv.vm', 'F', '{\n  "code" : 505,\n  "message" : "上课规律名称已存在",\n  "value" : null\n}']
2020-12-24 15:43:49,842 - lx - INFO xinjianshangkeguilv writed to html success
2020-12-24 15:43:50,151 - lx - INFO 单行数据:={'realName': '师OnFXx', 'staffNumber': '99583'}
2020-12-24 15:43:50,232 - lx - INFO flow数据:={'code': 0, 'message': 'SUCCESS', 'value': {'loginName': '18210546885', 'mobile': '18210546885', 'realName': '张振波', 'sex': 1, 'age': 18, 'userStatus': 1, 'isTeacher': 1, 'isAdmin': 2, 'roleId': 59, 'teacherId': 5759, 'menus': [], 'menuTrees': [], 'campus': [], 'token': 'eyJhbGciOiJIUzI1NiJ9.eyJqdGkiOiI0NzU2Iiwic3ViIjoi5byg5oyv5rOiIiwiaWF0IjoxNjA4Nzk1ODI0LCJleHAiOjE2MDg4MDMwMjR9.clxquf6VMI_Ee_I5-kjKu835O6_9Ah54CJw1pBkL8MU', 'sysUserId': 4756}, 'schoolId': 375, 'campusName': '测试数据报表校区', 'campusId': '453', 'subjectName': '语文', 'subjectId': 2142, 'classroomName': '接口测试', 'classroomId': 3463, 'classrulename': '自动化专用规律', 'tname': '师OnFXx', 'tmobile': '15953116058'}
2020-12-24 15:43:50,232 - lx - INFO 公共数据:={'schoolId': 375, 'tname': '师OnFXx', 'tmobile': '15953116058'}
2020-12-24 15:43:50,232 - lx - INFO 合并数据:={'schoolId': 375, 'tname': '师OnFXx', 'tmobile': '15953116058', 'realName': '师OnFXx', 'staffNumber': '99583'}
2020-12-24 15:43:50,488 - lx - INFO 模板文件:=xinjianyuangong.vm
2020-12-24 15:43:50,682 - lx - INFO 发送报文:={
"teacherRank": 1,
"superviseSubject": "",
"superviseGrade": "",
"userType": "",
"roleId": 38,
"roleType": 1,
"roleTypeName": "教师",
"name": "师OnFXx",
"realName": "师OnFXx",
"staffNumber": "99583",
"entryTime": "2020-11-10",
"mobile": "15953116058",
"headPic": "",
"teacherVideoCover": "",
"sex": 2,
"age": 18,
"email": "",
"schoolId": 375,
"campusIds": "441,444,445,450,453,465,476",
"nameInitials": "S",
"graduateFrom": "波士顿动力",
"mobileShow": 0,
"teacherType": "1",
"gradeId": "2296,2295,2294,2293,2127,2126,2125",
"gradeIdSupervision": [],
"subjectId": "2142,2143,2144,2183,2184,2185,2194,2195",
"subjectIdSupervision": [],
"ldList": [],
"introduction": "AutoTest",
"tags": [],
"teacherCertificationCode": "",
"teacherCertificationImage": "",
"showGraduationSchool": 1,
"gradeName": "高中组,初中组,小学组,综合,大班,中班,小班",
"subjectName": "语文,数学,英语,物理,化学,生物,地理,围棋",
"teacherStatus": 1,
"roleName": "",
"teacherUserId": ""
}
2020-12-24 15:43:50,682 - lx - INFO 执行报文:=['{"teacherRank": 1,"superviseSubject": "","superviseGrade": "","userType": "","roleId": 38,"roleType": 1,"roleTypeName": "教师","name": "师OnFXx","realName": "师OnFXx","staffNumber": "99583","entryTime": "2020-11-10","mobile": "15953116058","headPic": "","teacherVideoCover": "","sex": 2,"age": 18,"email": "","schoolId": 375,"campusIds": "441,444,445,450,453,465,476","nameInitials": "S","graduateFrom": "波士顿动力","mobileShow": 0,"teacherType": "1","gradeId": "2296,2295,2294,2293,2127,2126,2125","gradeIdSupervision": [],"subjectId": "2142,2143,2144,2183,2184,2185,2194,2195","subjectIdSupervision": [],"ldList": [],"introduction": "AutoTest","tags": [],"teacherCertificationCode": "","teacherCertificationImage": "","showGraduationSchool": 1,"gradeName": "高中组,初中组,小学组,综合,大班,中班,小班","subjectName": "语文,数学,英语,物理,化学,生物,地理,围棋","teacherStatus": 1,"roleName": "","teacherUserId": ""}', 'lx-007', '新建员工', 'post.js', 'https://pycmspre.lexue.com/personnel/teacher/saveTeacher', '保存成功', 'xinjianyuangong.vm']
2020-12-24 15:43:50,682 - lx - INFO 接   口:=xinjianyuangong
2020-12-24 15:43:50,682 - lx - INFO headers:	
2020-12-24 15:43:50,682 - lx - INFO 		appKey:=201820011141153
2020-12-24 15:43:50,682 - lx - INFO 		token:=eyJhbGciOiJIUzI1NiJ9.eyJqdGkiOiI0NzU2Iiwic3ViIjoi5byg5oyv5rOiIiwiaWF0IjoxNjA4Nzk1ODI0LCJleHAiOjE2MDg4MDMwMjR9.clxquf6VMI_Ee_I5-kjKu835O6_9Ah54CJw1pBkL8MU
2020-12-24 15:43:50,682 - lx - INFO 		signature:=79E48482F30ED5CA96DCBB4DFA43D1576DBC2B74
2020-12-24 15:43:50,682 - lx - INFO 		tenantId:=pycmspre
2020-12-24 15:43:50,682 - lx - INFO 		Content-Type:=application/json
2020-12-24 15:43:50,683 - lx - INFO 		isadmin:=2
2020-12-24 15:43:50,683 - lx - INFO 		userId:=4756
2020-12-24 15:43:50,770 - lx - INFO 返回数据:={
  "code" : 0,
  "message" : "保存成功",
  "value" : null
}
2020-12-24 15:43:50,770 - lx - INFO 断    言 PASS
2020-12-24 15:43:50,773 - lx - INFO HtmlRecorder received data:=['{"teacherRank": 1,"superviseSubject": "","superviseGrade": "","userType": "","roleId": 38,"roleType": 1,"roleTypeName": "教师","name": "师OnFXx","realName": "师OnFXx","staffNumber": "99583","entryTime": "2020-11-10","mobile": "15953116058","headPic": "","teacherVideoCover": "","sex": 2,"age": 18,"email": "","schoolId": 375,"campusIds": "441,444,445,450,453,465,476","nameInitials": "S","graduateFrom": "波士顿动力","mobileShow": 0,"teacherType": "1","gradeId": "2296,2295,2294,2293,2127,2126,2125","gradeIdSupervision": [],"subjectId": "2142,2143,2144,2183,2184,2185,2194,2195","subjectIdSupervision": [],"ldList": [],"introduction": "AutoTest","tags": [],"teacherCertificationCode": "","teacherCertificationImage": "","showGraduationSchool": 1,"gradeName": "高中组,初中组,小学组,综合,大班,中班,小班","subjectName": "语文,数学,英语,物理,化学,生物,地理,围棋","teacherStatus": 1,"roleName": "","teacherUserId": ""}', 'lx-007', '新建员工', 'post.js', 'https://pycmspre.lexue.com/personnel/teacher/saveTeacher', '保存成功', 'xinjianyuangong.vm', 'T', '{\n  "code" : 0,\n  "message" : "保存成功",\n  "value" : null\n}']
2020-12-24 15:43:50,774 - lx - INFO xinjianyuangong writed to html success
2020-12-24 15:43:51,092 - lx - INFO 单行数据:={'sysUserId': 5046}
2020-12-24 15:43:51,119 - lx - INFO flow数据:={'code': 0, 'message': 'SUCCESS', 'value': {'loginName': '18210546885', 'mobile': '18210546885', 'realName': '张振波', 'sex': 1, 'age': 18, 'userStatus': 1, 'isTeacher': 1, 'isAdmin': 2, 'roleId': 59, 'teacherId': 5759, 'menus': [], 'menuTrees': [], 'campus': [], 'token': 'eyJhbGciOiJIUzI1NiJ9.eyJqdGkiOiI0NzU2Iiwic3ViIjoi5byg5oyv5rOiIiwiaWF0IjoxNjA4Nzk1ODI0LCJleHAiOjE2MDg4MDMwMjR9.clxquf6VMI_Ee_I5-kjKu835O6_9Ah54CJw1pBkL8MU', 'sysUserId': 4756}, 'schoolId': 375, 'campusName': '测试数据报表校区', 'campusId': '453', 'subjectName': '语文', 'subjectId': 2142, 'classroomName': '接口测试', 'classroomId': 3463, 'classrulename': '自动化专用规律', 'tname': '师OnFXx', 'tmobile': '15953116058'}
2020-12-24 15:43:51,119 - lx - INFO 公共数据:={}
2020-12-24 15:43:51,119 - lx - INFO 合并数据:={'sysUserId': 5046}
2020-12-24 15:43:51,312 - lx - INFO 模板文件:=caidanquanxian.vm
2020-12-24 15:43:51,537 - lx - INFO 发送报文:={
"sysUserId":"5046",
"menuIds":"32,33,105,106,223,34,107,108,35,36,37,122,38,39,114,115,173,174,67,116,117,68,69,40,42,43,206,208,156,157,158,159,160,207,125,129,130,131,45,153,154,44,175,180,183,184,215,46,47,148,147,199,48,49,98,97,100,99,216,217,218,50,51,82,197,198,161,162,163,164,165,166,211,212,213,214,220,150,151,152,179,219,221,222,90,113,132,133,136,137,134,138,139,135,140,141,149,155,176,177,178,203,204,209,56,57,58,80,81,83,84,101,118,121,119,102,123,124,103,191,192,104,193,194,120,195,196,181,32,33,105,106,223,34,107,108,35,36,37,122,38,39,114,115,173,174,67,116,117,68,69,40,42,43,206,208,156,157,158,159,160,207,125,129,130,131,45,153,154,44,175,180,183,184,215,46,47,148,147,199,48,49,98,97,100,99,216,217,218,50,51,82,197,198,161,162,163,164,165,166,211,212,213,214,220,150,151,152,179,219,221,222,90,113,132,133,136,137,134,138,139,135,140,141,149,155,176,177,178,203,204,209,56,57,58,80,81,83,84,101,118,121,119,102,123,124,103,191,192,104,193,194,120,195,196,181"
}
2020-12-24 15:43:51,537 - lx - INFO 执行报文:=['{"sysUserId":"5046","menuIds":"32,33,105,106,223,34,107,108,35,36,37,122,38,39,114,115,173,174,67,116,117,68,69,40,42,43,206,208,156,157,158,159,160,207,125,129,130,131,45,153,154,44,175,180,183,184,215,46,47,148,147,199,48,49,98,97,100,99,216,217,218,50,51,82,197,198,161,162,163,164,165,166,211,212,213,214,220,150,151,152,179,219,221,222,90,113,132,133,136,137,134,138,139,135,140,141,149,155,176,177,178,203,204,209,56,57,58,80,81,83,84,101,118,121,119,102,123,124,103,191,192,104,193,194,120,195,196,181,32,33,105,106,223,34,107,108,35,36,37,122,38,39,114,115,173,174,67,116,117,68,69,40,42,43,206,208,156,157,158,159,160,207,125,129,130,131,45,153,154,44,175,180,183,184,215,46,47,148,147,199,48,49,98,97,100,99,216,217,218,50,51,82,197,198,161,162,163,164,165,166,211,212,213,214,220,150,151,152,179,219,221,222,90,113,132,133,136,137,134,138,139,135,140,141,149,155,176,177,178,203,204,209,56,57,58,80,81,83,84,101,118,121,119,102,123,124,103,191,192,104,193,194,120,195,196,181"}', 'lx-008', '菜单权限分配', 'put.ue', 'https://pycmspre.lexue.com/system/sysUser/updateUserAndMenu', 'SUCCESS', 'caidanquanxian.vm']
2020-12-24 15:43:51,538 - lx - INFO 接   口:=caidanquanxian
2020-12-24 15:43:51,538 - lx - INFO headers:	
2020-12-24 15:43:51,538 - lx - INFO 		appKey:=201820011141153
2020-12-24 15:43:51,538 - lx - INFO 		token:=eyJhbGciOiJIUzI1NiJ9.eyJqdGkiOiI0NzU2Iiwic3ViIjoi5byg5oyv5rOiIiwiaWF0IjoxNjA4Nzk1ODI0LCJleHAiOjE2MDg4MDMwMjR9.clxquf6VMI_Ee_I5-kjKu835O6_9Ah54CJw1pBkL8MU
2020-12-24 15:43:51,538 - lx - INFO 		signature:=B8C43AECC29F573F647C1E9F0EB03E92ACF1356B
2020-12-24 15:43:51,538 - lx - INFO 		tenantId:=pycmspre
2020-12-24 15:43:51,538 - lx - INFO 		Content-Type:=application/x-www-form-urlencoded
2020-12-24 15:43:51,538 - lx - INFO 		isadmin:=2
2020-12-24 15:43:51,538 - lx - INFO 		userId:=4756
2020-12-24 15:43:51,575 - lx - INFO 返回数据:={
  "code" : 0,
  "message" : "SUCCESS",
  "value" : true
}
2020-12-24 15:43:51,575 - lx - INFO 断    言 PASS
2020-12-24 15:43:51,578 - lx - INFO HtmlRecorder received data:=['{"sysUserId":"5046","menuIds":"32,33,105,106,223,34,107,108,35,36,37,122,38,39,114,115,173,174,67,116,117,68,69,40,42,43,206,208,156,157,158,159,160,207,125,129,130,131,45,153,154,44,175,180,183,184,215,46,47,148,147,199,48,49,98,97,100,99,216,217,218,50,51,82,197,198,161,162,163,164,165,166,211,212,213,214,220,150,151,152,179,219,221,222,90,113,132,133,136,137,134,138,139,135,140,141,149,155,176,177,178,203,204,209,56,57,58,80,81,83,84,101,118,121,119,102,123,124,103,191,192,104,193,194,120,195,196,181,32,33,105,106,223,34,107,108,35,36,37,122,38,39,114,115,173,174,67,116,117,68,69,40,42,43,206,208,156,157,158,159,160,207,125,129,130,131,45,153,154,44,175,180,183,184,215,46,47,148,147,199,48,49,98,97,100,99,216,217,218,50,51,82,197,198,161,162,163,164,165,166,211,212,213,214,220,150,151,152,179,219,221,222,90,113,132,133,136,137,134,138,139,135,140,141,149,155,176,177,178,203,204,209,56,57,58,80,81,83,84,101,118,121,119,102,123,124,103,191,192,104,193,194,120,195,196,181"}', 'lx-008', '菜单权限分配', 'put.ue', 'https://pycmspre.lexue.com/system/sysUser/updateUserAndMenu', 'SUCCESS', 'caidanquanxian.vm', 'T', '{\n  "code" : 0,\n  "message" : "SUCCESS",\n  "value" : true\n}']
2020-12-24 15:43:51,578 - lx - INFO caidanquanxian writed to html success
2020-12-24 15:43:51,913 - lx - INFO 单行数据:={'sysUserId': 5046}
2020-12-24 15:43:51,947 - lx - INFO flow数据:={'code': 0, 'message': 'SUCCESS', 'value': {'loginName': '18210546885', 'mobile': '18210546885', 'realName': '张振波', 'sex': 1, 'age': 18, 'userStatus': 1, 'isTeacher': 1, 'isAdmin': 2, 'roleId': 59, 'teacherId': 5759, 'menus': [], 'menuTrees': [], 'campus': [], 'token': 'eyJhbGciOiJIUzI1NiJ9.eyJqdGkiOiI0NzU2Iiwic3ViIjoi5byg5oyv5rOiIiwiaWF0IjoxNjA4Nzk1ODI0LCJleHAiOjE2MDg4MDMwMjR9.clxquf6VMI_Ee_I5-kjKu835O6_9Ah54CJw1pBkL8MU', 'sysUserId': 4756}, 'schoolId': 375, 'campusName': '测试数据报表校区', 'campusId': '453', 'subjectName': '语文', 'subjectId': 2142, 'classroomName': '接口测试', 'classroomId': 3463, 'classrulename': '自动化专用规律', 'tname': '师OnFXx', 'tmobile': '15953116058'}
2020-12-24 15:43:51,947 - lx - INFO 公共数据:={}
2020-12-24 15:43:51,947 - lx - INFO 合并数据:={'sysUserId': 5046}
2020-12-24 15:43:52,142 - lx - INFO 模板文件:=shujuquanxian.vm
2020-12-24 15:43:52,363 - lx - INFO 发送报文:={
"sysUserId":"5046",
"campusIds":"51,52,53,54,55,56,57,158,439,457,458,483,58,59,85,60,61,62,82,459,461,464,467,478,63,442,64,87,417,75,160,162,163,169,443,471,89,161,479,76,83,84,159,413,473,481,480,93,94,95,96,97,98,99,100,103,104,105,106,107,108,109,110,111,112,113,114,115,116,418,420,421,422,423,424,425,426,427,428,429,430,387,393,441,444,445,450,453,465,476"
}
2020-12-24 15:43:52,363 - lx - INFO 执行报文:=['{"sysUserId":"5046","campusIds":"51,52,53,54,55,56,57,158,439,457,458,483,58,59,85,60,61,62,82,459,461,464,467,478,63,442,64,87,417,75,160,162,163,169,443,471,89,161,479,76,83,84,159,413,473,481,480,93,94,95,96,97,98,99,100,103,104,105,106,107,108,109,110,111,112,113,114,115,116,418,420,421,422,423,424,425,426,427,428,429,430,387,393,441,444,445,450,453,465,476"}', 'lx-009', '数据权限', 'put.ue', 'https://pycmspre.lexue.com/system/sysUser/updateUserAndCampus', 'SUCCESS', 'shujuquanxian.vm']
2020-12-24 15:43:52,363 - lx - INFO 接   口:=shujuquanxian
2020-12-24 15:43:52,363 - lx - INFO headers:	
2020-12-24 15:43:52,363 - lx - INFO 		appKey:=201820011141153
2020-12-24 15:43:52,363 - lx - INFO 		token:=eyJhbGciOiJIUzI1NiJ9.eyJqdGkiOiI0NzU2Iiwic3ViIjoi5byg5oyv5rOiIiwiaWF0IjoxNjA4Nzk1ODI0LCJleHAiOjE2MDg4MDMwMjR9.clxquf6VMI_Ee_I5-kjKu835O6_9Ah54CJw1pBkL8MU
2020-12-24 15:43:52,363 - lx - INFO 		signature:=126FA6436CA65AB37BC8E77821F9168B51C8BD3F
2020-12-24 15:43:52,363 - lx - INFO 		tenantId:=pycmspre
2020-12-24 15:43:52,363 - lx - INFO 		Content-Type:=application/x-www-form-urlencoded
2020-12-24 15:43:52,364 - lx - INFO 		isadmin:=2
2020-12-24 15:43:52,364 - lx - INFO 		userId:=4756
2020-12-24 15:43:52,401 - lx - INFO 返回数据:={
  "code" : 0,
  "message" : "SUCCESS",
  "value" : true
}
2020-12-24 15:43:52,401 - lx - INFO 断    言 PASS
2020-12-24 15:43:52,407 - lx - INFO HtmlRecorder received data:=['{"sysUserId":"5046","campusIds":"51,52,53,54,55,56,57,158,439,457,458,483,58,59,85,60,61,62,82,459,461,464,467,478,63,442,64,87,417,75,160,162,163,169,443,471,89,161,479,76,83,84,159,413,473,481,480,93,94,95,96,97,98,99,100,103,104,105,106,107,108,109,110,111,112,113,114,115,116,418,420,421,422,423,424,425,426,427,428,429,430,387,393,441,444,445,450,453,465,476"}', 'lx-009', '数据权限', 'put.ue', 'https://pycmspre.lexue.com/system/sysUser/updateUserAndCampus', 'SUCCESS', 'shujuquanxian.vm', 'T', '{\n  "code" : 0,\n  "message" : "SUCCESS",\n  "value" : true\n}']
2020-12-24 15:43:52,408 - lx - INFO shujuquanxian writed to html success
2020-12-24 15:43:52,726 - lx - INFO 单行数据:={'teacherIdtest': 6047}
2020-12-24 15:43:52,780 - lx - INFO flow数据:={'code': 0, 'message': 'SUCCESS', 'value': {'loginName': '18210546885', 'mobile': '18210546885', 'realName': '张振波', 'sex': 1, 'age': 18, 'userStatus': 1, 'isTeacher': 1, 'isAdmin': 2, 'roleId': 59, 'teacherId': 5759, 'menus': [], 'menuTrees': [], 'campus': [], 'token': 'eyJhbGciOiJIUzI1NiJ9.eyJqdGkiOiI0NzU2Iiwic3ViIjoi5byg5oyv5rOiIiwiaWF0IjoxNjA4Nzk1ODI0LCJleHAiOjE2MDg4MDMwMjR9.clxquf6VMI_Ee_I5-kjKu835O6_9Ah54CJw1pBkL8MU', 'sysUserId': 4756}, 'schoolId': 375, 'campusName': '测试数据报表校区', 'campusId': '453', 'subjectName': '语文', 'subjectId': 2142, 'classroomName': '接口测试', 'classroomId': 3463, 'classrulename': '自动化专用规律', 'tname': '师OnFXx', 'tmobile': '15953116058'}
2020-12-24 15:43:52,780 - lx - INFO 公共数据:={}
2020-12-24 15:43:52,780 - lx - INFO 合并数据:={'teacherIdtest': 6047}
2020-12-24 15:43:53,010 - lx - INFO 模板文件:=jiaoshizhuangtai.vm
2020-12-24 15:43:53,219 - lx - INFO 发送报文:={
"teacherId":"6047",
"teacherStatus":"0"
}
2020-12-24 15:43:53,220 - lx - INFO 执行报文:=['{"teacherId":"6047","teacherStatus":"0"}', None, '员工状态更新', 'put.ue', 'https://pycmspre.lexue.com/personnel/teacher/updateTeacherStatus', '更新成功', 'jiaoshizhuangtai.vm']
2020-12-24 15:43:53,220 - lx - INFO 接   口:=jiaoshizhuangtai
2020-12-24 15:43:53,220 - lx - INFO headers:	
2020-12-24 15:43:53,220 - lx - INFO 		appKey:=201820011141153
2020-12-24 15:43:53,220 - lx - INFO 		token:=eyJhbGciOiJIUzI1NiJ9.eyJqdGkiOiI0NzU2Iiwic3ViIjoi5byg5oyv5rOiIiwiaWF0IjoxNjA4Nzk1ODI0LCJleHAiOjE2MDg4MDMwMjR9.clxquf6VMI_Ee_I5-kjKu835O6_9Ah54CJw1pBkL8MU
2020-12-24 15:43:53,220 - lx - INFO 		signature:=6FC93FEA753752E3B00859063707D30254ABD04C
2020-12-24 15:43:53,220 - lx - INFO 		tenantId:=pycmspre
2020-12-24 15:43:53,220 - lx - INFO 		Content-Type:=application/x-www-form-urlencoded
2020-12-24 15:43:53,220 - lx - INFO 		isadmin:=2
2020-12-24 15:43:53,220 - lx - INFO 		userId:=4756
2020-12-24 15:43:53,320 - lx - INFO 返回数据:={
  "code" : 0,
  "message" : "更新成功",
  "value" : null
}
2020-12-24 15:43:53,320 - lx - INFO 断    言 PASS
2020-12-24 15:43:53,327 - lx - INFO HtmlRecorder received data:=['{"teacherId":"6047","teacherStatus":"0"}', None, '员工状态更新', 'put.ue', 'https://pycmspre.lexue.com/personnel/teacher/updateTeacherStatus', '更新成功', 'jiaoshizhuangtai.vm', 'T', '{\n  "code" : 0,\n  "message" : "更新成功",\n  "value" : null\n}']
2020-12-24 15:43:53,328 - lx - INFO jiaoshizhuangtai writed to html success
2020-12-25 11:11:57,763 - lx - INFO 登录报文:=['{"loginName":18210546885,"password":123456}', None, None, 'post.ue', 'https://pycmspre.lexue.com/system/sysUser/login', 'SUCCESS', 'cmslogin.vm']
2020-12-25 11:12:24,541 - lx - INFO 登录报文:=['{"loginName":18210546885,"password":123456}', None, None, 'post.ue', 'https://pycmspre.lexue.com/system/sysUser/login', 'SUCCESS', 'cmslogin.vm']
2020-12-25 11:12:25,014 - lx - INFO 单行数据:={}
2020-12-25 11:12:25,033 - lx - INFO flow数据:={'code': 0, 'message': 'SUCCESS', 'value': {'loginName': '18210546885', 'mobile': '18210546885', 'realName': '张振波', 'sex': 1, 'age': 18, 'userStatus': 1, 'isTeacher': 1, 'isAdmin': 2, 'roleId': 59, 'teacherId': 5759, 'menus': [], 'menuTrees': [], 'campus': [], 'token': 'eyJhbGciOiJIUzI1NiJ9.eyJqdGkiOiI0NzU2Iiwic3ViIjoi5byg5oyv5rOiIiwiaWF0IjoxNjA4ODY1OTQ0LCJleHAiOjE2MDg4NzMxNDR9.kKEyML4SXXYmwwhsEV_9dJLprmvCuvIH0k7VOo9EZNo', 'sysUserId': 4756}, 'schoolId': '375', 'campusName': '测试数据报表校区'}
2020-12-25 11:12:25,033 - lx - INFO 公共数据:={'schoolId': '375', 'campusName': '测试数据报表校区'}
2020-12-25 11:12:25,033 - lx - INFO 合并数据:={'schoolId': '375', 'campusName': '测试数据报表校区'}
2020-12-25 11:12:25,197 - lx - INFO 模板文件:=xinjianxiaoqu.vm
2020-12-25 11:12:25,367 - lx - INFO 发送报文:={
"campusStatus":"1",
"longitude":"108.36",
"latitude":"39.85",
"id":"",
"bigAreaId":"107",
"provinceId":"650000",
"cityId":"654000",
"areaId":"654002",
"schoolId":"375",
"campusName":"测试数据报表校区",
"address":"幸福大街182号",
"phone":"0037-36689952",
"bigAreaName":"西北",
"provinceName":"新疆维吾尔自治区",
"cityName":"伊犁哈萨克自治州",
"areaName":"伊宁市",
"coordinate":"",
"logo":"https://picspy.lexue.com/avatar-employee-1606547992395"
}
2020-12-25 11:12:25,367 - lx - INFO 执行报文:=['{"campusStatus":"1","longitude":"108.36","latitude":"39.85","id":"","bigAreaId":"107","provinceId":"650000","cityId":"654000","areaId":"654002","schoolId":"375","campusName":"测试数据报表校区","address":"幸福大街182号","phone":"0037-36689952","bigAreaName":"西北","provinceName":"新疆维吾尔自治区","cityName":"伊犁哈萨克自治州","areaName":"伊宁市","coordinate":"","logo":"https://picspy.lexue.com/avatar-employee-1606547992395"}', 'lx-001', '新建校区', 'post.ue', 'https://pycmspre.lexue.com/basic/campus/saveCampus', '保存成功', 'xinjianxiaoqu.vm']
2020-12-25 11:12:25,368 - lx - INFO 接   口:=xinjianxiaoqu
2020-12-25 11:12:25,368 - lx - INFO headers:	
2020-12-25 11:12:25,368 - lx - INFO 		appKey:=201820011141153
2020-12-25 11:12:25,368 - lx - INFO 		token:=eyJhbGciOiJIUzI1NiJ9.eyJqdGkiOiI0NzU2Iiwic3ViIjoi5byg5oyv5rOiIiwiaWF0IjoxNjA4ODY1OTQ0LCJleHAiOjE2MDg4NzMxNDR9.kKEyML4SXXYmwwhsEV_9dJLprmvCuvIH0k7VOo9EZNo
2020-12-25 11:12:25,368 - lx - INFO 		signature:=BE269F59A8F042B21E57B07E33F228EE555A15AE
2020-12-25 11:12:25,368 - lx - INFO 		tenantId:=pycmspre
2020-12-25 11:12:25,368 - lx - INFO 		Content-Type:=application/x-www-form-urlencoded
2020-12-25 11:12:25,368 - lx - INFO 		isadmin:=2
2020-12-25 11:12:25,368 - lx - INFO 		userId:=4756
2020-12-25 11:12:25,467 - lx - INFO 返回数据:={
  "code" : 0,
  "message" : "保存成功",
  "value" : 576
}
2020-12-25 11:12:25,467 - lx - INFO 断    言 PASS
2020-12-25 11:12:25,471 - lx - INFO HtmlRecorder received data:=['{"campusStatus":"1","longitude":"108.36","latitude":"39.85","id":"","bigAreaId":"107","provinceId":"650000","cityId":"654000","areaId":"654002","schoolId":"375","campusName":"测试数据报表校区","address":"幸福大街182号","phone":"0037-36689952","bigAreaName":"西北","provinceName":"新疆维吾尔自治区","cityName":"伊犁哈萨克自治州","areaName":"伊宁市","coordinate":"","logo":"https://picspy.lexue.com/avatar-employee-1606547992395"}', 'lx-001', '新建校区', 'post.ue', 'https://pycmspre.lexue.com/basic/campus/saveCampus', '保存成功', 'xinjianxiaoqu.vm', 'T', '{\n  "code" : 0,\n  "message" : "保存成功",\n  "value" : 576\n}']
2020-12-25 11:12:25,471 - lx - INFO xinjianxiaoqu writed to html success
2020-12-25 11:13:00,842 - lx - INFO 登录报文:=['{"loginName":18210546885,"password":123456}', None, None, 'post.ue', 'https://pycmspre.lexue.com/system/sysUser/login', 'SUCCESS', 'cmslogin.vm']
2020-12-25 11:13:01,317 - lx - INFO 单行数据:={}
2020-12-25 11:13:01,336 - lx - INFO flow数据:={'code': 0, 'message': 'SUCCESS', 'value': {'loginName': '18210546885', 'mobile': '18210546885', 'realName': '张振波', 'sex': 1, 'age': 18, 'userStatus': 1, 'isTeacher': 1, 'isAdmin': 2, 'roleId': 59, 'teacherId': 5759, 'menus': [], 'menuTrees': [], 'campus': [], 'token': 'eyJhbGciOiJIUzI1NiJ9.eyJqdGkiOiI0NzU2Iiwic3ViIjoi5byg5oyv5rOiIiwiaWF0IjoxNjA4ODY1OTgwLCJleHAiOjE2MDg4NzMxODB9.kRqHkkkSzkI-aM8lfh0XvnJBXcOGfXwIdkGBLl3oSBM', 'sysUserId': 4756}, 'schoolId': '375', 'campusName': '测试数据报表校区'}
2020-12-25 11:13:01,337 - lx - INFO 公共数据:={'schoolId': '375', 'campusName': '测试数据报表校区'}
2020-12-25 11:13:01,337 - lx - INFO 合并数据:={'schoolId': '375', 'campusName': '测试数据报表校区'}
2020-12-25 11:13:01,487 - lx - INFO 模板文件:=xinjianxiaoqu.vm
2020-12-25 11:13:01,662 - lx - INFO 发送报文:={
"campusStatus":"1",
"longitude":"108.36",
"latitude":"39.85",
"id":"",
"bigAreaId":"107",
"provinceId":"650000",
"cityId":"654000",
"areaId":"654002",
"schoolId":"375",
"campusName":"测试数据报表校区",
"address":"幸福大街182号",
"phone":"0037-36689952",
"bigAreaName":"西北",
"provinceName":"新疆维吾尔自治区",
"cityName":"伊犁哈萨克自治州",
"areaName":"伊宁市",
"coordinate":"",
"logo":"https://picspy.lexue.com/avatar-employee-1606547992395"
}
2020-12-25 11:13:01,662 - lx - INFO 执行报文:=['{"campusStatus":"1","longitude":"108.36","latitude":"39.85","id":"","bigAreaId":"107","provinceId":"650000","cityId":"654000","areaId":"654002","schoolId":"375","campusName":"测试数据报表校区","address":"幸福大街182号","phone":"0037-36689952","bigAreaName":"西北","provinceName":"新疆维吾尔自治区","cityName":"伊犁哈萨克自治州","areaName":"伊宁市","coordinate":"","logo":"https://picspy.lexue.com/avatar-employee-1606547992395"}', 'lx-001', '新建校区', 'post.ue', 'https://pycmspre.lexue.com/basic/campus/saveCampus', '保存成功', 'xinjianxiaoqu.vm']
2020-12-25 11:13:01,662 - lx - INFO 接   口:=xinjianxiaoqu
2020-12-25 11:13:01,663 - lx - INFO headers:	
2020-12-25 11:13:01,663 - lx - INFO 		appKey:=201820011141153
2020-12-25 11:13:01,663 - lx - INFO 		token:=eyJhbGciOiJIUzI1NiJ9.eyJqdGkiOiI0NzU2Iiwic3ViIjoi5byg5oyv5rOiIiwiaWF0IjoxNjA4ODY1OTgwLCJleHAiOjE2MDg4NzMxODB9.kRqHkkkSzkI-aM8lfh0XvnJBXcOGfXwIdkGBLl3oSBM
2020-12-25 11:13:01,663 - lx - INFO 		signature:=BE269F59A8F042B21E57B07E33F228EE555A15AE
2020-12-25 11:13:01,663 - lx - INFO 		tenantId:=pycmspre
2020-12-25 11:13:01,663 - lx - INFO 		Content-Type:=application/x-www-form-urlencoded
2020-12-25 11:13:01,663 - lx - INFO 		isadmin:=2
2020-12-25 11:13:01,663 - lx - INFO 		userId:=4756
2020-12-25 11:13:01,720 - lx - INFO 返回数据:={
  "code" : 0,
  "message" : "保存成功",
  "value" : 577
}
2020-12-25 11:13:01,720 - lx - INFO 断    言 PASS
2020-12-25 11:13:01,724 - lx - INFO HtmlRecorder received data:=['{"campusStatus":"1","longitude":"108.36","latitude":"39.85","id":"","bigAreaId":"107","provinceId":"650000","cityId":"654000","areaId":"654002","schoolId":"375","campusName":"测试数据报表校区","address":"幸福大街182号","phone":"0037-36689952","bigAreaName":"西北","provinceName":"新疆维吾尔自治区","cityName":"伊犁哈萨克自治州","areaName":"伊宁市","coordinate":"","logo":"https://picspy.lexue.com/avatar-employee-1606547992395"}', 'lx-001', '新建校区', 'post.ue', 'https://pycmspre.lexue.com/basic/campus/saveCampus', '保存成功', 'xinjianxiaoqu.vm', 'T', '{\n  "code" : 0,\n  "message" : "保存成功",\n  "value" : 577\n}']
2020-12-25 11:13:01,725 - lx - INFO xinjianxiaoqu writed to html success
2020-12-25 11:13:01,947 - lx - INFO 单行数据:={}
2020-12-25 11:13:01,968 - lx - INFO flow数据:={'code': 0, 'message': 'SUCCESS', 'value': {'loginName': '18210546885', 'mobile': '18210546885', 'realName': '张振波', 'sex': 1, 'age': 18, 'userStatus': 1, 'isTeacher': 1, 'isAdmin': 2, 'roleId': 59, 'teacherId': 5759, 'menus': [], 'menuTrees': [], 'campus': [], 'token': 'eyJhbGciOiJIUzI1NiJ9.eyJqdGkiOiI0NzU2Iiwic3ViIjoi5byg5oyv5rOiIiwiaWF0IjoxNjA4ODY1OTgwLCJleHAiOjE2MDg4NzMxODB9.kRqHkkkSzkI-aM8lfh0XvnJBXcOGfXwIdkGBLl3oSBM', 'sysUserId': 4756}, 'schoolId': '375', 'campusName': '测试数据报表校区', 'campusId': '453'}
2020-12-25 11:13:01,968 - lx - INFO 公共数据:={'campusId': '453'}
2020-12-25 11:13:01,968 - lx - INFO 合并数据:={'campusId': '453'}
2020-12-25 11:13:02,146 - lx - INFO 模板文件:=qiyongxiaoqu.vm
2020-12-25 11:13:02,321 - lx - INFO 发送报文:={
"id":"453",
"campusStatus": 1
}
2020-12-25 11:13:02,321 - lx - INFO 执行报文:=['{"id":"453","campusStatus": 1}', 'lx-002', '启用校区', 'put.ue', 'https://pycmspre.lexue.com/basic/campus/updateCampusStatus', '更新状态成功', 'qiyongxiaoqu.vm']
2020-12-25 11:13:02,321 - lx - INFO 接   口:=qiyongxiaoqu
2020-12-25 11:13:02,321 - lx - INFO headers:	
2020-12-25 11:13:02,321 - lx - INFO 		appKey:=201820011141153
2020-12-25 11:13:02,321 - lx - INFO 		token:=eyJhbGciOiJIUzI1NiJ9.eyJqdGkiOiI0NzU2Iiwic3ViIjoi5byg5oyv5rOiIiwiaWF0IjoxNjA4ODY1OTgwLCJleHAiOjE2MDg4NzMxODB9.kRqHkkkSzkI-aM8lfh0XvnJBXcOGfXwIdkGBLl3oSBM
2020-12-25 11:13:02,321 - lx - INFO 		signature:=3E54809EE0A46F19FEA7515F0CE770276E02F607
2020-12-25 11:13:02,322 - lx - INFO 		tenantId:=pycmspre
2020-12-25 11:13:02,322 - lx - INFO 		Content-Type:=application/x-www-form-urlencoded
2020-12-25 11:13:02,322 - lx - INFO 		isadmin:=2
2020-12-25 11:13:02,322 - lx - INFO 		userId:=4756
2020-12-25 11:13:02,347 - lx - INFO 返回数据:={
  "code" : 0,
  "message" : "更新状态成功",
  "value" : 1
}
2020-12-25 11:13:02,347 - lx - INFO 断    言 PASS
2020-12-25 11:13:02,349 - lx - INFO HtmlRecorder received data:=['{"id":"453","campusStatus": 1}', 'lx-002', '启用校区', 'put.ue', 'https://pycmspre.lexue.com/basic/campus/updateCampusStatus', '更新状态成功', 'qiyongxiaoqu.vm', 'T', '{\n  "code" : 0,\n  "message" : "更新状态成功",\n  "value" : 1\n}']
2020-12-25 11:13:02,350 - lx - INFO qiyongxiaoqu writed to html success
2020-12-25 11:17:26,800 - lx - INFO 登录报文:=['{"loginName":18210546885,"password":123456}', None, None, 'post.ue', 'https://pycmspre.lexue.com/system/sysUser/login', 'SUCCESS', 'cmslogin.vm']
2020-12-25 11:17:27,300 - lx - INFO 单行数据:={}
2020-12-25 11:17:27,320 - lx - INFO flow数据:={'code': 0, 'message': 'SUCCESS', 'value': {'loginName': '18210546885', 'mobile': '18210546885', 'realName': '张振波', 'sex': 1, 'age': 18, 'userStatus': 1, 'isTeacher': 1, 'isAdmin': 2, 'roleId': 59, 'teacherId': 5759, 'menus': [], 'menuTrees': [], 'campus': [], 'token': 'eyJhbGciOiJIUzI1NiJ9.eyJqdGkiOiI0NzU2Iiwic3ViIjoi5byg5oyv5rOiIiwiaWF0IjoxNjA4ODY2MjQ2LCJleHAiOjE2MDg4NzM0NDZ9.-yMCrq-6PkwFB1c_c9ic4lYoLrAiv-wR-nOaAxqIrr4', 'sysUserId': 4756}, 'schoolId': '375', 'campusName': '测试数据报表校区'}
2020-12-25 11:17:27,320 - lx - INFO 公共数据:={'schoolId': '375', 'campusName': '测试数据报表校区'}
2020-12-25 11:17:27,320 - lx - INFO 合并数据:={'schoolId': '375', 'campusName': '测试数据报表校区'}
2020-12-25 11:17:27,471 - lx - INFO 模板文件:=xinjianxiaoqu.vm
2020-12-25 11:17:27,643 - lx - INFO 发送报文:={
"campusStatus":"1",
"longitude":"108.36",
"latitude":"39.85",
"id":"",
"bigAreaId":"107",
"provinceId":"650000",
"cityId":"654000",
"areaId":"654002",
"schoolId":"375",
"campusName":"测试数据报表校区",
"address":"幸福大街182号",
"phone":"0037-36689952",
"bigAreaName":"西北",
"provinceName":"新疆维吾尔自治区",
"cityName":"伊犁哈萨克自治州",
"areaName":"伊宁市",
"coordinate":"",
"logo":"https://picspy.lexue.com/avatar-employee-1606547992395"
}
2020-12-25 11:17:27,643 - lx - INFO 执行报文:=['{"campusStatus":"1","longitude":"108.36","latitude":"39.85","id":"","bigAreaId":"107","provinceId":"650000","cityId":"654000","areaId":"654002","schoolId":"375","campusName":"测试数据报表校区","address":"幸福大街182号","phone":"0037-36689952","bigAreaName":"西北","provinceName":"新疆维吾尔自治区","cityName":"伊犁哈萨克自治州","areaName":"伊宁市","coordinate":"","logo":"https://picspy.lexue.com/avatar-employee-1606547992395"}', 'lx-001', '新建校区', 'post.ue', 'https://pycmspre.lexue.com/basic/campus/saveCampus', '保存成功', 'xinjianxiaoqu.vm']
2020-12-25 11:17:27,643 - lx - INFO 接   口:=xinjianxiaoqu
2020-12-25 11:17:27,643 - lx - INFO headers:	
2020-12-25 11:17:27,644 - lx - INFO 		appKey:=201820011141153
2020-12-25 11:17:27,644 - lx - INFO 		token:=eyJhbGciOiJIUzI1NiJ9.eyJqdGkiOiI0NzU2Iiwic3ViIjoi5byg5oyv5rOiIiwiaWF0IjoxNjA4ODY2MjQ2LCJleHAiOjE2MDg4NzM0NDZ9.-yMCrq-6PkwFB1c_c9ic4lYoLrAiv-wR-nOaAxqIrr4
2020-12-25 11:17:27,644 - lx - INFO 		signature:=BE269F59A8F042B21E57B07E33F228EE555A15AE
2020-12-25 11:17:27,644 - lx - INFO 		tenantId:=pycmspre
2020-12-25 11:17:27,644 - lx - INFO 		Content-Type:=application/x-www-form-urlencoded
2020-12-25 11:17:27,644 - lx - INFO 		isadmin:=2
2020-12-25 11:17:27,644 - lx - INFO 		userId:=4756
2020-12-25 11:17:27,704 - lx - INFO 返回数据:={
  "code" : 0,
  "message" : "保存成功",
  "value" : 578
}
2020-12-25 11:17:27,704 - lx - INFO 断    言 PASS
2020-12-25 11:17:27,709 - lx - INFO HtmlRecorder received data:=['{"campusStatus":"1","longitude":"108.36","latitude":"39.85","id":"","bigAreaId":"107","provinceId":"650000","cityId":"654000","areaId":"654002","schoolId":"375","campusName":"测试数据报表校区","address":"幸福大街182号","phone":"0037-36689952","bigAreaName":"西北","provinceName":"新疆维吾尔自治区","cityName":"伊犁哈萨克自治州","areaName":"伊宁市","coordinate":"","logo":"https://picspy.lexue.com/avatar-employee-1606547992395"}', 'lx-001', '新建校区', 'post.ue', 'https://pycmspre.lexue.com/basic/campus/saveCampus', '保存成功', 'xinjianxiaoqu.vm', 'T', '{\n  "code" : 0,\n  "message" : "保存成功",\n  "value" : 578\n}']
2020-12-25 11:17:27,709 - lx - INFO xinjianxiaoqu writed to html success
2020-12-25 11:17:27,921 - lx - INFO 单行数据:={}
2020-12-25 11:17:27,940 - lx - INFO flow数据:={'code': 0, 'message': 'SUCCESS', 'value': {'loginName': '18210546885', 'mobile': '18210546885', 'realName': '张振波', 'sex': 1, 'age': 18, 'userStatus': 1, 'isTeacher': 1, 'isAdmin': 2, 'roleId': 59, 'teacherId': 5759, 'menus': [], 'menuTrees': [], 'campus': [], 'token': 'eyJhbGciOiJIUzI1NiJ9.eyJqdGkiOiI0NzU2Iiwic3ViIjoi5byg5oyv5rOiIiwiaWF0IjoxNjA4ODY2MjQ2LCJleHAiOjE2MDg4NzM0NDZ9.-yMCrq-6PkwFB1c_c9ic4lYoLrAiv-wR-nOaAxqIrr4', 'sysUserId': 4756}, 'schoolId': '375', 'campusName': '测试数据报表校区', 'campusId': '453'}
2020-12-25 11:17:27,940 - lx - INFO 公共数据:={'campusId': '453'}
2020-12-25 11:17:27,941 - lx - INFO 合并数据:={'campusId': '453'}
2020-12-25 11:17:28,090 - lx - INFO 模板文件:=qiyongxiaoqu.vm
2020-12-25 11:17:28,265 - lx - INFO 发送报文:={
"id":"453",
"campusStatus": 1
}
2020-12-25 11:17:28,265 - lx - INFO 执行报文:=['{"id":"453","campusStatus": 1}', 'lx-002', '启用校区', 'put.ue', 'https://pycmspre.lexue.com/basic/campus/updateCampusStatus', '更新状态成功', 'qiyongxiaoqu.vm']
2020-12-25 11:17:28,265 - lx - INFO 接   口:=qiyongxiaoqu
2020-12-25 11:17:28,265 - lx - INFO headers:	
2020-12-25 11:17:28,265 - lx - INFO 		appKey:=201820011141153
2020-12-25 11:17:28,265 - lx - INFO 		token:=eyJhbGciOiJIUzI1NiJ9.eyJqdGkiOiI0NzU2Iiwic3ViIjoi5byg5oyv5rOiIiwiaWF0IjoxNjA4ODY2MjQ2LCJleHAiOjE2MDg4NzM0NDZ9.-yMCrq-6PkwFB1c_c9ic4lYoLrAiv-wR-nOaAxqIrr4
2020-12-25 11:17:28,265 - lx - INFO 		signature:=3E54809EE0A46F19FEA7515F0CE770276E02F607
2020-12-25 11:17:28,265 - lx - INFO 		tenantId:=pycmspre
2020-12-25 11:17:28,265 - lx - INFO 		Content-Type:=application/x-www-form-urlencoded
2020-12-25 11:17:28,265 - lx - INFO 		isadmin:=2
2020-12-25 11:17:28,265 - lx - INFO 		userId:=4756
2020-12-25 11:17:28,291 - lx - INFO 返回数据:={
  "code" : 0,
  "message" : "更新状态成功",
  "value" : 1
}
2020-12-25 11:17:28,291 - lx - INFO 断    言 PASS
2020-12-25 11:17:28,293 - lx - INFO HtmlRecorder received data:=['{"id":"453","campusStatus": 1}', 'lx-002', '启用校区', 'put.ue', 'https://pycmspre.lexue.com/basic/campus/updateCampusStatus', '更新状态成功', 'qiyongxiaoqu.vm', 'T', '{\n  "code" : 0,\n  "message" : "更新状态成功",\n  "value" : 1\n}']
2020-12-25 11:17:28,293 - lx - INFO qiyongxiaoqu writed to html success
2020-12-25 11:18:05,981 - lx - INFO 登录报文:=['{"loginName":18210546885,"password":123456}', None, None, 'post.ue', 'https://pycmspre.lexue.com/system/sysUser/login', 'SUCCESS', 'cmslogin.vm']
2020-12-25 11:18:06,456 - lx - INFO 单行数据:={}
2020-12-25 11:18:06,475 - lx - INFO flow数据:={'code': 0, 'message': 'SUCCESS', 'value': {'loginName': '18210546885', 'mobile': '18210546885', 'realName': '张振波', 'sex': 1, 'age': 18, 'userStatus': 1, 'isTeacher': 1, 'isAdmin': 2, 'roleId': 59, 'teacherId': 5759, 'menus': [], 'menuTrees': [], 'campus': [], 'token': 'eyJhbGciOiJIUzI1NiJ9.eyJqdGkiOiI0NzU2Iiwic3ViIjoi5byg5oyv5rOiIiwiaWF0IjoxNjA4ODY2Mjg1LCJleHAiOjE2MDg4NzM0ODV9.FqPJVG9j78BVS9vlvvqHP5dPzZrDti3ZHKz0w8qHd-g', 'sysUserId': 4756}, 'schoolId': '375', 'campusName': '测试数据报表校区'}
2020-12-25 11:18:06,475 - lx - INFO 公共数据:={'schoolId': '375', 'campusName': '测试数据报表校区'}
2020-12-25 11:18:06,475 - lx - INFO 合并数据:={'schoolId': '375', 'campusName': '测试数据报表校区'}
2020-12-25 11:18:06,627 - lx - INFO 模板文件:=xinjianxiaoqu.vm
2020-12-25 11:18:06,794 - lx - INFO 发送报文:={
"campusStatus":"1",
"longitude":"108.36",
"latitude":"39.85",
"id":"",
"bigAreaId":"107",
"provinceId":"650000",
"cityId":"654000",
"areaId":"654002",
"schoolId":"375",
"campusName":"测试数据报表校区",
"address":"幸福大街182号",
"phone":"0037-36689952",
"bigAreaName":"西北",
"provinceName":"新疆维吾尔自治区",
"cityName":"伊犁哈萨克自治州",
"areaName":"伊宁市",
"coordinate":"",
"logo":"https://picspy.lexue.com/avatar-employee-1606547992395"
}
2020-12-25 11:18:06,794 - lx - INFO 执行报文:=['{"campusStatus":"1","longitude":"108.36","latitude":"39.85","id":"","bigAreaId":"107","provinceId":"650000","cityId":"654000","areaId":"654002","schoolId":"375","campusName":"测试数据报表校区","address":"幸福大街182号","phone":"0037-36689952","bigAreaName":"西北","provinceName":"新疆维吾尔自治区","cityName":"伊犁哈萨克自治州","areaName":"伊宁市","coordinate":"","logo":"https://picspy.lexue.com/avatar-employee-1606547992395"}', 'lx-001', '新建校区', 'post.ue', 'https://pycmspre.lexue.com/basic/campus/saveCampus', '保存成功', 'xinjianxiaoqu.vm']
2020-12-25 11:18:06,794 - lx - INFO 接   口:=xinjianxiaoqu
2020-12-25 11:18:06,794 - lx - INFO headers:	
2020-12-25 11:18:06,794 - lx - INFO 		appKey:=201820011141153
2020-12-25 11:18:06,794 - lx - INFO 		token:=eyJhbGciOiJIUzI1NiJ9.eyJqdGkiOiI0NzU2Iiwic3ViIjoi5byg5oyv5rOiIiwiaWF0IjoxNjA4ODY2Mjg1LCJleHAiOjE2MDg4NzM0ODV9.FqPJVG9j78BVS9vlvvqHP5dPzZrDti3ZHKz0w8qHd-g
2020-12-25 11:18:06,794 - lx - INFO 		signature:=BE269F59A8F042B21E57B07E33F228EE555A15AE
2020-12-25 11:18:06,794 - lx - INFO 		tenantId:=pycmspre
2020-12-25 11:18:06,795 - lx - INFO 		Content-Type:=application/x-www-form-urlencoded
2020-12-25 11:18:06,795 - lx - INFO 		isadmin:=2
2020-12-25 11:18:06,795 - lx - INFO 		userId:=4756
2020-12-25 11:18:06,841 - lx - INFO 返回数据:={
  "code" : 0,
  "message" : "保存成功",
  "value" : 579
}
2020-12-25 11:18:06,841 - lx - INFO 断    言 PASS
2020-12-25 11:18:06,845 - lx - INFO HtmlRecorder received data:=['{"campusStatus":"1","longitude":"108.36","latitude":"39.85","id":"","bigAreaId":"107","provinceId":"650000","cityId":"654000","areaId":"654002","schoolId":"375","campusName":"测试数据报表校区","address":"幸福大街182号","phone":"0037-36689952","bigAreaName":"西北","provinceName":"新疆维吾尔自治区","cityName":"伊犁哈萨克自治州","areaName":"伊宁市","coordinate":"","logo":"https://picspy.lexue.com/avatar-employee-1606547992395"}', 'lx-001', '新建校区', 'post.ue', 'https://pycmspre.lexue.com/basic/campus/saveCampus', '保存成功', 'xinjianxiaoqu.vm', 'T', '{\n  "code" : 0,\n  "message" : "保存成功",\n  "value" : 579\n}']
2020-12-25 11:18:06,845 - lx - INFO xinjianxiaoqu writed to html success
2020-12-25 11:18:07,055 - lx - INFO 单行数据:={}
2020-12-25 11:18:07,076 - lx - INFO flow数据:={'code': 0, 'message': 'SUCCESS', 'value': {'loginName': '18210546885', 'mobile': '18210546885', 'realName': '张振波', 'sex': 1, 'age': 18, 'userStatus': 1, 'isTeacher': 1, 'isAdmin': 2, 'roleId': 59, 'teacherId': 5759, 'menus': [], 'menuTrees': [], 'campus': [], 'token': 'eyJhbGciOiJIUzI1NiJ9.eyJqdGkiOiI0NzU2Iiwic3ViIjoi5byg5oyv5rOiIiwiaWF0IjoxNjA4ODY2Mjg1LCJleHAiOjE2MDg4NzM0ODV9.FqPJVG9j78BVS9vlvvqHP5dPzZrDti3ZHKz0w8qHd-g', 'sysUserId': 4756}, 'schoolId': '375', 'campusName': '测试数据报表校区', 'campusId': '453'}
2020-12-25 11:18:07,076 - lx - INFO 公共数据:={'campusId': '453'}
2020-12-25 11:18:07,076 - lx - INFO 合并数据:={'campusId': '453'}
2020-12-25 11:18:07,228 - lx - INFO 模板文件:=qiyongxiaoqu.vm
2020-12-25 11:18:07,401 - lx - INFO 发送报文:={
"id":"453",
"campusStatus": 1
}
2020-12-25 11:18:07,401 - lx - INFO 执行报文:=['{"id":"453","campusStatus": 1}', 'lx-002', '启用校区', 'put.ue', 'https://pycmspre.lexue.com/basic/campus/updateCampusStatus', '更新状态成功', 'qiyongxiaoqu.vm']
2020-12-25 11:18:07,401 - lx - INFO 接   口:=qiyongxiaoqu
2020-12-25 11:18:07,401 - lx - INFO headers:	
2020-12-25 11:18:07,401 - lx - INFO 		appKey:=201820011141153
2020-12-25 11:18:07,401 - lx - INFO 		token:=eyJhbGciOiJIUzI1NiJ9.eyJqdGkiOiI0NzU2Iiwic3ViIjoi5byg5oyv5rOiIiwiaWF0IjoxNjA4ODY2Mjg1LCJleHAiOjE2MDg4NzM0ODV9.FqPJVG9j78BVS9vlvvqHP5dPzZrDti3ZHKz0w8qHd-g
2020-12-25 11:18:07,401 - lx - INFO 		signature:=3E54809EE0A46F19FEA7515F0CE770276E02F607
2020-12-25 11:18:07,402 - lx - INFO 		tenantId:=pycmspre
2020-12-25 11:18:07,402 - lx - INFO 		Content-Type:=application/x-www-form-urlencoded
2020-12-25 11:18:07,402 - lx - INFO 		isadmin:=2
2020-12-25 11:18:07,402 - lx - INFO 		userId:=4756
2020-12-25 11:18:07,421 - lx - INFO 返回数据:={
  "code" : 0,
  "message" : "更新状态成功",
  "value" : 1
}
2020-12-25 11:18:07,421 - lx - INFO 断    言 PASS
2020-12-25 11:18:07,424 - lx - INFO HtmlRecorder received data:=['{"id":"453","campusStatus": 1}', 'lx-002', '启用校区', 'put.ue', 'https://pycmspre.lexue.com/basic/campus/updateCampusStatus', '更新状态成功', 'qiyongxiaoqu.vm', 'T', '{\n  "code" : 0,\n  "message" : "更新状态成功",\n  "value" : 1\n}']
2020-12-25 11:18:07,424 - lx - INFO qiyongxiaoqu writed to html success
2020-12-25 11:22:20,456 - lx - INFO 登录报文:=['{"loginName":18210546885,"password":123456}', None, None, 'post.ue', 'https://pycmspre.lexue.com/system/sysUser/login', 'SUCCESS', 'cmslogin.vm']
2020-12-25 11:22:20,938 - lx - INFO 单行数据:={}
2020-12-25 11:22:20,958 - lx - INFO flow数据:={'code': 0, 'message': 'SUCCESS', 'value': {'loginName': '18210546885', 'mobile': '18210546885', 'realName': '张振波', 'sex': 1, 'age': 18, 'userStatus': 1, 'isTeacher': 1, 'isAdmin': 2, 'roleId': 59, 'teacherId': 5759, 'menus': [], 'menuTrees': [], 'campus': [], 'token': 'eyJhbGciOiJIUzI1NiJ9.eyJqdGkiOiI0NzU2Iiwic3ViIjoi5byg5oyv5rOiIiwiaWF0IjoxNjA4ODY2NTQwLCJleHAiOjE2MDg4NzM3NDB9.xFrxGP52yRmkOdqLJ3zPYGE_K_HJeaBU6_oCwwjrF8I', 'sysUserId': 4756}, 'schoolId': '375', 'campusName': '测试数据报表校区'}
2020-12-25 11:22:20,958 - lx - INFO 公共数据:={'schoolId': '375', 'campusName': '测试数据报表校区'}
2020-12-25 11:22:20,958 - lx - INFO 合并数据:={'schoolId': '375', 'campusName': '测试数据报表校区'}
2020-12-25 11:22:21,111 - lx - INFO 模板文件:=xinjianxiaoqu.vm
2020-12-25 11:22:21,282 - lx - INFO 发送报文:={
"campusStatus":"1",
"longitude":"108.36",
"latitude":"39.85",
"id":"",
"bigAreaId":"107",
"provinceId":"650000",
"cityId":"654000",
"areaId":"654002",
"schoolId":"375",
"campusName":"测试数据报表校区",
"address":"幸福大街182号",
"phone":"0037-36689952",
"bigAreaName":"西北",
"provinceName":"新疆维吾尔自治区",
"cityName":"伊犁哈萨克自治州",
"areaName":"伊宁市",
"coordinate":"",
"logo":"https://picspy.lexue.com/avatar-employee-1606547992395"
}
2020-12-25 11:22:21,282 - lx - INFO 执行报文:=['{"campusStatus":"1","longitude":"108.36","latitude":"39.85","id":"","bigAreaId":"107","provinceId":"650000","cityId":"654000","areaId":"654002","schoolId":"375","campusName":"测试数据报表校区","address":"幸福大街182号","phone":"0037-36689952","bigAreaName":"西北","provinceName":"新疆维吾尔自治区","cityName":"伊犁哈萨克自治州","areaName":"伊宁市","coordinate":"","logo":"https://picspy.lexue.com/avatar-employee-1606547992395"}', 'lx-001', '新建校区', 'post.ue', 'https://pycmspre.lexue.com/basic/campus/saveCampus', '保存成功', 'xinjianxiaoqu.vm']
2020-12-25 11:22:21,282 - lx - INFO 接   口:=xinjianxiaoqu
2020-12-25 11:22:21,282 - lx - INFO headers:	
2020-12-25 11:22:21,282 - lx - INFO 		appKey:=201820011141153
2020-12-25 11:22:21,282 - lx - INFO 		token:=eyJhbGciOiJIUzI1NiJ9.eyJqdGkiOiI0NzU2Iiwic3ViIjoi5byg5oyv5rOiIiwiaWF0IjoxNjA4ODY2NTQwLCJleHAiOjE2MDg4NzM3NDB9.xFrxGP52yRmkOdqLJ3zPYGE_K_HJeaBU6_oCwwjrF8I
2020-12-25 11:22:21,282 - lx - INFO 		signature:=BE269F59A8F042B21E57B07E33F228EE555A15AE
2020-12-25 11:22:21,282 - lx - INFO 		tenantId:=pycmspre
2020-12-25 11:22:21,283 - lx - INFO 		Content-Type:=application/x-www-form-urlencoded
2020-12-25 11:22:21,283 - lx - INFO 		isadmin:=2
2020-12-25 11:22:21,283 - lx - INFO 		userId:=4756
2020-12-25 11:22:21,335 - lx - INFO 返回数据:={
  "code" : 0,
  "message" : "保存成功",
  "value" : 580
}
2020-12-25 11:22:21,335 - lx - INFO 断    言 PASS
2020-12-25 11:22:21,339 - lx - INFO HtmlRecorder received data:=['{"campusStatus":"1","longitude":"108.36","latitude":"39.85","id":"","bigAreaId":"107","provinceId":"650000","cityId":"654000","areaId":"654002","schoolId":"375","campusName":"测试数据报表校区","address":"幸福大街182号","phone":"0037-36689952","bigAreaName":"西北","provinceName":"新疆维吾尔自治区","cityName":"伊犁哈萨克自治州","areaName":"伊宁市","coordinate":"","logo":"https://picspy.lexue.com/avatar-employee-1606547992395"}', 'lx-001', '新建校区', 'post.ue', 'https://pycmspre.lexue.com/basic/campus/saveCampus', '保存成功', 'xinjianxiaoqu.vm', 'T', '{\n  "code" : 0,\n  "message" : "保存成功",\n  "value" : 580\n}']
2020-12-25 11:22:21,339 - lx - INFO xinjianxiaoqu writed to html success
2020-12-25 11:22:42,254 - lx - INFO 登录报文:=['{"loginName":18210546885,"password":123456}', None, None, 'post.ue', 'https://pycmspre.lexue.com/system/sysUser/login', 'SUCCESS', 'cmslogin.vm']
2020-12-25 11:22:42,763 - lx - INFO 单行数据:={}
2020-12-25 11:22:42,797 - lx - INFO flow数据:={'code': 0, 'message': 'SUCCESS', 'value': {'loginName': '18210546885', 'mobile': '18210546885', 'realName': '张振波', 'sex': 1, 'age': 18, 'userStatus': 1, 'isTeacher': 1, 'isAdmin': 2, 'roleId': 59, 'teacherId': 5759, 'menus': [], 'menuTrees': [], 'campus': [], 'token': 'eyJhbGciOiJIUzI1NiJ9.eyJqdGkiOiI0NzU2Iiwic3ViIjoi5byg5oyv5rOiIiwiaWF0IjoxNjA4ODY2NTYxLCJleHAiOjE2MDg4NzM3NjF9.QiL5gvdKDlf4GVysZDSxEEbKKXCNes6KHOP4zySEX1g', 'sysUserId': 4756}, 'schoolId': '375', 'campusName': '测试数据报表校区'}
2020-12-25 11:22:42,797 - lx - INFO 公共数据:={'schoolId': '375', 'campusName': '测试数据报表校区'}
2020-12-25 11:22:42,797 - lx - INFO 合并数据:={'schoolId': '375', 'campusName': '测试数据报表校区'}
2020-12-25 11:22:42,995 - lx - INFO 模板文件:=xinjianxiaoqu.vm
2020-12-25 11:22:43,221 - lx - INFO 发送报文:={
"campusStatus":"1",
"longitude":"108.36",
"latitude":"39.85",
"id":"",
"bigAreaId":"107",
"provinceId":"650000",
"cityId":"654000",
"areaId":"654002",
"schoolId":"375",
"campusName":"测试数据报表校区",
"address":"幸福大街182号",
"phone":"0037-36689952",
"bigAreaName":"西北",
"provinceName":"新疆维吾尔自治区",
"cityName":"伊犁哈萨克自治州",
"areaName":"伊宁市",
"coordinate":"",
"logo":"https://picspy.lexue.com/avatar-employee-1606547992395"
}
2020-12-25 11:22:43,221 - lx - INFO 执行报文:=['{"campusStatus":"1","longitude":"108.36","latitude":"39.85","id":"","bigAreaId":"107","provinceId":"650000","cityId":"654000","areaId":"654002","schoolId":"375","campusName":"测试数据报表校区","address":"幸福大街182号","phone":"0037-36689952","bigAreaName":"西北","provinceName":"新疆维吾尔自治区","cityName":"伊犁哈萨克自治州","areaName":"伊宁市","coordinate":"","logo":"https://picspy.lexue.com/avatar-employee-1606547992395"}', 'lx-001', '新建校区', 'post.ue', 'https://pycmspre.lexue.com/basic/campus/saveCampus\n', '保存成功', 'xinjianxiaoqu.vm']
2020-12-25 11:22:43,222 - lx - INFO 接   口:=xinjianxiaoqu
2020-12-25 11:22:43,222 - lx - INFO headers:	
2020-12-25 11:22:43,222 - lx - INFO 		appKey:=201820011141153
2020-12-25 11:22:43,222 - lx - INFO 		token:=eyJhbGciOiJIUzI1NiJ9.eyJqdGkiOiI0NzU2Iiwic3ViIjoi5byg5oyv5rOiIiwiaWF0IjoxNjA4ODY2NTYxLCJleHAiOjE2MDg4NzM3NjF9.QiL5gvdKDlf4GVysZDSxEEbKKXCNes6KHOP4zySEX1g
2020-12-25 11:22:43,222 - lx - INFO 		signature:=BE269F59A8F042B21E57B07E33F228EE555A15AE
2020-12-25 11:22:43,222 - lx - INFO 		tenantId:=pycmspre
2020-12-25 11:22:43,222 - lx - INFO 		Content-Type:=application/x-www-form-urlencoded
2020-12-25 11:22:43,222 - lx - INFO 		isadmin:=2
2020-12-25 11:22:43,222 - lx - INFO 		userId:=4756
2020-12-25 11:22:43,247 - lx - INFO 返回数据:={
  "code" : 500,
  "message" : "服务正在维护中，请稍后重试或联系技术人员",
  "value" : null
}
2020-12-25 11:22:43,247 - lx - INFO 断    言 FAIL
2020-12-25 11:22:43,247 - lx - INFO A:=保存成功
2020-12-25 11:22:43,247 - lx - INFO B:={
  "code" : 500,
  "message" : "服务正在维护中，请稍后重试或联系技术人员",
  "value" : null
}
2020-12-25 11:22:43,250 - lx - INFO HtmlRecorder received data:=['{"campusStatus":"1","longitude":"108.36","latitude":"39.85","id":"","bigAreaId":"107","provinceId":"650000","cityId":"654000","areaId":"654002","schoolId":"375","campusName":"测试数据报表校区","address":"幸福大街182号","phone":"0037-36689952","bigAreaName":"西北","provinceName":"新疆维吾尔自治区","cityName":"伊犁哈萨克自治州","areaName":"伊宁市","coordinate":"","logo":"https://picspy.lexue.com/avatar-employee-1606547992395"}', 'lx-001', '新建校区', 'post.ue', 'https://pycmspre.lexue.com/basic/campus/saveCampus\n', '保存成功', 'xinjianxiaoqu.vm', 'F', '{\n  "code" : 500,\n  "message" : "服务正在维护中，请稍后重试或联系技术人员",\n  "value" : null\n}']
2020-12-25 11:22:43,251 - lx - INFO xinjianxiaoqu writed to html success
